<?xml version="1.0" encoding="UTF-8"?>
<coverage generated="1772402593091" clover="3.2.0">
  <project timestamp="1772402593091" name="All files">
    <metrics statements="341" coveredstatements="313" conditionals="298" coveredconditionals="249" methods="93" coveredmethods="87" elements="732" coveredelements="649" complexity="0" loc="341" ncloc="341" packages="4" files="7" classes="7"/>
    <package name="server">
      <metrics statements="5" coveredstatements="5" conditionals="2" coveredconditionals="2" methods="1" coveredmethods="1"/>
      <file name="chat.ts" path="/Users/Ruffio/Desktop/Developer/AI Hackathon Guide/server/chat.ts">
        <metrics statements="5" coveredstatements="5" conditionals="2" coveredconditionals="2" methods="1" coveredmethods="1"/>
        <line num="8" count="2" type="cond" truecount="2" falsecount="0"/>
        <line num="9" count="1" type="stmt"/>
        <line num="10" count="1" type="stmt"/>
        <line num="13" count="1" type="stmt"/>
        <line num="18" count="1" type="stmt"/>
      </file>
    </package>
    <package name="shared">
      <metrics statements="131" coveredstatements="130" conditionals="75" coveredconditionals="67" methods="36" coveredmethods="36"/>
      <file name="chatPolicy.ts" path="/Users/Ruffio/Desktop/Developer/AI Hackathon Guide/shared/chatPolicy.ts">
        <metrics statements="131" coveredstatements="130" conditionals="75" coveredconditionals="67" methods="36" coveredmethods="36"/>
        <line num="71" count="1" type="stmt"/>
        <line num="73" count="1" type="stmt"/>
        <line num="75" count="1" type="stmt"/>
        <line num="85" count="154" type="stmt"/>
        <line num="89" count="7" type="stmt"/>
        <line num="91" count="12" type="stmt"/>
        <line num="95" count="112" type="stmt"/>
        <line num="96" count="112" type="cond" truecount="1" falsecount="1"/>
        <line num="100" count="14" type="stmt"/>
        <line num="102" count="14" type="cond" truecount="2" falsecount="0"/>
        <line num="103" count="1" type="stmt"/>
        <line num="104" count="1" type="stmt"/>
        <line num="107" count="14" type="cond" truecount="2" falsecount="0"/>
        <line num="108" count="1" type="stmt"/>
        <line num="109" count="1" type="stmt"/>
        <line num="110" count="1" type="stmt"/>
        <line num="111" count="1" type="stmt"/>
        <line num="114" count="14" type="cond" truecount="2" falsecount="0"/>
        <line num="115" count="1" type="stmt"/>
        <line num="116" count="1" type="stmt"/>
        <line num="119" count="14" type="stmt"/>
        <line num="122" count="1" type="stmt"/>
        <line num="123" count="14" type="stmt"/>
        <line num="139" count="7" type="stmt"/>
        <line num="140" count="98" type="stmt"/>
        <line num="149" count="7" type="stmt"/>
        <line num="150" count="98" type="stmt"/>
        <line num="153" count="7" type="stmt"/>
        <line num="191" count="3" type="stmt"/>
        <line num="195" count="7" type="stmt"/>
        <line num="196" count="7" type="stmt"/>
        <line num="198" count="7" type="stmt"/>
        <line num="199" count="98" type="stmt"/>
        <line num="201" count="98" type="cond" truecount="2" falsecount="0"/>
        <line num="202" count="1" type="stmt"/>
        <line num="205" count="98" type="stmt"/>
        <line num="206" count="126" type="cond" truecount="2" falsecount="0"/>
        <line num="207" count="1" type="stmt"/>
        <line num="209" count="126" type="cond" truecount="2" falsecount="0"/>
        <line num="210" count="17" type="stmt"/>
        <line num="214" count="98" type="stmt"/>
        <line num="217" count="7" type="stmt"/>
        <line num="219" count="132" type="cond" truecount="2" falsecount="0"/>
        <line num="220" count="102" type="stmt"/>
        <line num="222" count="98" type="stmt"/>
        <line num="224" count="46" type="cond" truecount="2" falsecount="0"/>
        <line num="225" count="3" type="stmt"/>
        <line num="228" count="4" type="stmt"/>
        <line num="232" count="12" type="stmt"/>
        <line num="233" count="12" type="cond" truecount="2" falsecount="0"/>
        <line num="234" count="12" type="stmt"/>
        <line num="235" count="12" type="stmt"/>
        <line num="242" count="11" type="cond" truecount="2" falsecount="0"/>
        <line num="247" count="10" type="stmt"/>
        <line num="248" count="10" type="cond" truecount="2" falsecount="0"/>
        <line num="249" count="9" type="stmt"/>
        <line num="253" count="1" type="cond" truecount="1" falsecount="1"/>
        <line num="260" count="5" type="cond" truecount="2" falsecount="0"/>
        <line num="261" count="1" type="stmt"/>
        <line num="264" count="4" type="stmt"/>
        <line num="269" count="11" type="stmt"/>
        <line num="273" count="2" type="stmt"/>
        <line num="274" count="2" type="stmt"/>
        <line num="278" count="2" type="stmt"/>
        <line num="279" count="2" type="stmt"/>
        <line num="281" count="2" type="cond" truecount="2" falsecount="0"/>
        <line num="282" count="1" type="stmt"/>
        <line num="283" count="1" type="stmt"/>
        <line num="285" count="2" type="stmt"/>
        <line num="286" count="2" type="stmt"/>
        <line num="290" count="3" type="stmt"/>
        <line num="291" count="4" type="cond" truecount="1" falsecount="1"/>
        <line num="292" count="3" type="cond" truecount="1" falsecount="1"/>
        <line num="293" count="0" type="stmt"/>
        <line num="299" count="3" type="stmt"/>
        <line num="308" count="6" type="stmt"/>
        <line num="335" count="10" type="stmt"/>
        <line num="336" count="10" type="stmt"/>
        <line num="340" count="10" type="cond" truecount="2" falsecount="0"/>
        <line num="341" count="7" type="stmt"/>
        <line num="343" count="10" type="stmt"/>
        <line num="352" count="9" type="stmt"/>
        <line num="357" count="9" type="cond" truecount="2" falsecount="0"/>
        <line num="358" count="2" type="stmt"/>
        <line num="365" count="7" type="stmt"/>
        <line num="367" count="1" type="stmt"/>
        <line num="376" count="6" type="stmt"/>
        <line num="377" count="6" type="cond" truecount="1" falsecount="1"/>
        <line num="379" count="6" type="stmt"/>
        <line num="385" count="6" type="cond" truecount="1" falsecount="1"/>
        <line num="389" count="8" type="stmt"/>
        <line num="393" count="8" type="cond" truecount="1" falsecount="1"/>
        <line num="394" count="8" type="stmt"/>
        <line num="401" count="15" type="cond" truecount="2" falsecount="0"/>
        <line num="402" count="1" type="stmt"/>
        <line num="405" count="14" type="cond" truecount="4" falsecount="0"/>
        <line num="406" count="2" type="stmt"/>
        <line num="409" count="12" type="stmt"/>
        <line num="410" count="12" type="cond" truecount="2" falsecount="0"/>
        <line num="411" count="2" type="stmt"/>
        <line num="414" count="10" type="stmt"/>
        <line num="415" count="10" type="stmt"/>
        <line num="417" count="10" type="cond" truecount="2" falsecount="0"/>
        <line num="418" count="7" type="stmt"/>
        <line num="419" count="7" type="stmt"/>
        <line num="420" count="7" type="stmt"/>
        <line num="424" count="7" type="stmt"/>
        <line num="430" count="7" type="cond" truecount="2" falsecount="0"/>
        <line num="431" count="1" type="stmt"/>
        <line num="432" count="1" type="stmt"/>
        <line num="434" count="6" type="stmt"/>
        <line num="436" count="6" type="stmt"/>
        <line num="437" count="6" type="stmt"/>
        <line num="439" count="2" type="stmt"/>
        <line num="440" count="2" type="stmt"/>
        <line num="441" count="2" type="stmt"/>
        <line num="443" count="4" type="cond" truecount="4" falsecount="0"/>
        <line num="444" count="1" type="stmt"/>
        <line num="453" count="3" type="cond" truecount="4" falsecount="0"/>
        <line num="454" count="2" type="stmt"/>
        <line num="455" count="2" type="stmt"/>
        <line num="457" count="1" type="stmt"/>
        <line num="458" count="1" type="stmt"/>
        <line num="461" count="3" type="stmt"/>
        <line num="462" count="3" type="stmt"/>
        <line num="466" count="3" type="stmt"/>
        <line num="471" count="15" type="stmt"/>
        <line num="476" count="3" type="cond" truecount="2" falsecount="0"/>
        <line num="477" count="2" type="stmt"/>
        <line num="481" count="2" type="stmt"/>
        <line num="483" count="1" type="stmt"/>
      </file>
    </package>
    <package name="src">
      <metrics statements="27" coveredstatements="26" conditionals="22" coveredconditionals="16" methods="11" coveredmethods="10"/>
      <file name="App.tsx" path="/Users/Ruffio/Desktop/Developer/AI Hackathon Guide/src/App.tsx">
        <metrics statements="27" coveredstatements="26" conditionals="22" coveredconditionals="16" methods="11" coveredmethods="10"/>
        <line num="8" count="1" type="stmt"/>
        <line num="12" count="5" type="cond" truecount="1" falsecount="1"/>
        <line num="13" count="5" type="stmt"/>
        <line num="14" count="5" type="cond" truecount="4" falsecount="0"/>
        <line num="15" count="1" type="cond" truecount="1" falsecount="1"/>
        <line num="21" count="8" type="stmt"/>
        <line num="24" count="8" type="stmt"/>
        <line num="25" count="8" type="stmt"/>
        <line num="26" count="8" type="stmt"/>
        <line num="32" count="8" type="stmt"/>
        <line num="33" count="6" type="stmt"/>
        <line num="36" count="8" type="stmt"/>
        <line num="37" count="1" type="cond" truecount="1" falsecount="1"/>
        <line num="40" count="8" type="stmt"/>
        <line num="41" count="1" type="stmt"/>
        <line num="42" count="1" type="cond" truecount="1" falsecount="1"/>
        <line num="43" count="1" type="stmt"/>
        <line num="44" count="1" type="stmt"/>
        <line num="48" count="8" type="stmt"/>
        <line num="105" count="1" type="stmt"/>
        <line num="110" count="1" type="stmt"/>
        <line num="164" count="48" type="cond" truecount="2" falsecount="0"/>
        <line num="165" count="48" type="stmt"/>
        <line num="167" count="48" type="cond" truecount="1" falsecount="1"/>
        <line num="169" count="48" type="stmt"/>
        <line num="177" count="1" type="stmt"/>
        <line num="231" count="0" type="stmt"/>
      </file>
    </package>
    <package name="src.components">
      <metrics statements="178" coveredstatements="152" conditionals="199" coveredconditionals="164" methods="45" coveredmethods="40"/>
      <file name="ChatPanel.tsx" path="/Users/Ruffio/Desktop/Developer/AI Hackathon Guide/src/components/ChatPanel.tsx">
        <metrics statements="52" coveredstatements="49" conditionals="45" coveredconditionals="39" methods="13" coveredmethods="12"/>
        <line num="19" count="2" type="stmt"/>
        <line num="20" count="2" type="stmt"/>
        <line num="21" count="2" type="stmt"/>
        <line num="30" count="55" type="stmt"/>
        <line num="31" count="55" type="stmt"/>
        <line num="32" count="55" type="stmt"/>
        <line num="33" count="55" type="stmt"/>
        <line num="34" count="55" type="stmt"/>
        <line num="35" count="55" type="stmt"/>
        <line num="37" count="55" type="stmt"/>
        <line num="38" count="43" type="stmt"/>
        <line num="39" count="43" type="cond" truecount="2" falsecount="0"/>
        <line num="41" count="37" type="stmt"/>
        <line num="42" count="37" type="stmt"/>
        <line num="46" count="37" type="stmt"/>
        <line num="47" count="37" type="stmt"/>
        <line num="51" count="55" type="stmt"/>
        <line num="52" count="13" type="stmt"/>
        <line num="55" count="55" type="stmt"/>
        <line num="56" count="19" type="cond" truecount="2" falsecount="0"/>
        <line num="57" count="13" type="stmt"/>
        <line num="58" count="13" type="stmt"/>
        <line num="62" count="55" type="stmt"/>
        <line num="63" count="43" type="stmt"/>
        <line num="66" count="55" type="stmt"/>
        <line num="67" count="4" type="stmt"/>
        <line num="68" count="4" type="cond" truecount="3" falsecount="1"/>
        <line num="70" count="4" type="stmt"/>
        <line num="71" count="4" type="stmt"/>
        <line num="72" count="4" type="stmt"/>
        <line num="73" count="4" type="stmt"/>
        <line num="75" count="4" type="stmt"/>
        <line num="76" count="0" type="stmt"/>
        <line num="80" count="4" type="stmt"/>
        <line num="81" count="4" type="stmt"/>
        <line num="91" count="3" type="stmt"/>
        <line num="96" count="3" type="cond" truecount="2" falsecount="0"/>
        <line num="97" count="1" type="cond" truecount="1" falsecount="1"/>
        <line num="98" count="1" type="stmt"/>
        <line num="102" count="2" type="cond" truecount="1" falsecount="1"/>
        <line num="103" count="4" type="stmt"/>
        <line num="108" count="1" type="stmt"/>
        <line num="110" count="4" type="stmt"/>
        <line num="114" count="55" type="stmt"/>
        <line num="115" count="25" type="cond" truecount="2" falsecount="2"/>
        <line num="116" count="0" type="stmt"/>
        <line num="117" count="0" type="stmt"/>
        <line num="121" count="55" type="cond" truecount="2" falsecount="0"/>
        <line num="123" count="45" type="stmt"/>
        <line num="137" count="9" type="stmt"/>
        <line num="191" count="10" type="stmt"/>
        <line num="260" count="25" type="stmt"/>
      </file>
      <file name="SectionPanel.tsx" path="/Users/Ruffio/Desktop/Developer/AI Hackathon Guide/src/components/SectionPanel.tsx">
        <metrics statements="23" coveredstatements="22" conditionals="61" coveredconditionals="53" methods="5" coveredmethods="5"/>
        <line num="7" count="2" type="stmt"/>
        <line num="22" count="56" type="stmt"/>
        <line num="23" count="56" type="stmt"/>
        <line num="24" count="56" type="cond" truecount="2" falsecount="0"/>
        <line num="25" count="56" type="cond" truecount="1" falsecount="1"/>
        <line num="26" count="56" type="cond" truecount="1" falsecount="1"/>
        <line num="29" count="56" type="cond" truecount="1" falsecount="1"/>
        <line num="31" count="56" type="stmt"/>
        <line num="33" count="56" type="cond" truecount="2" falsecount="0"/>
        <line num="35" count="56" type="cond" truecount="4" falsecount="0"/>
        <line num="43" count="56" type="stmt"/>
        <line num="46" count="2" type="cond" truecount="1" falsecount="1"/>
        <line num="47" count="2" type="stmt"/>
        <line num="51" count="56" type="stmt"/>
        <line num="54" count="1" type="cond" truecount="1" falsecount="1"/>
        <line num="55" count="0" type="stmt"/>
        <line num="59" count="56" type="stmt"/>
        <line num="62" count="3" type="cond" truecount="2" falsecount="0"/>
        <line num="63" count="1" type="stmt"/>
        <line num="67" count="56" type="stmt"/>
        <line num="68" count="3" type="cond" truecount="2" falsecount="0"/>
        <line num="69" count="1" type="stmt"/>
        <line num="73" count="56" type="stmt"/>
      </file>
      <file name="ToolCard.tsx" path="/Users/Ruffio/Desktop/Developer/AI Hackathon Guide/src/components/ToolCard.tsx">
        <metrics statements="9" coveredstatements="9" conditionals="26" coveredconditionals="25" methods="5" coveredmethods="5"/>
        <line num="18" count="71" type="stmt"/>
        <line num="20" count="71" type="cond" truecount="2" falsecount="0"/>
        <line num="21" count="71" type="cond" truecount="2" falsecount="0"/>
        <line num="22" count="71" type="cond" truecount="2" falsecount="0"/>
        <line num="23" count="1" type="stmt"/>
        <line num="26" count="71" type="stmt"/>
        <line num="68" count="3" type="stmt"/>
        <line num="159" count="152" type="stmt"/>
        <line num="165" count="304" type="stmt"/>
      </file>
      <file name="ToolCarousel.tsx" path="/Users/Ruffio/Desktop/Developer/AI Hackathon Guide/src/components/ToolCarousel.tsx">
        <metrics statements="94" coveredstatements="72" conditionals="67" coveredconditionals="47" methods="22" coveredmethods="18"/>
        <line num="13" count="2" type="stmt"/>
        <line num="14" count="2" type="stmt"/>
        <line num="15" count="2" type="stmt"/>
        <line num="18" count="67" type="stmt"/>
        <line num="19" count="67" type="stmt"/>
        <line num="20" count="36" type="cond" truecount="1" falsecount="1"/>
        <line num="21" count="36" type="stmt"/>
        <line num="23" count="67" type="stmt"/>
        <line num="24" count="67" type="stmt"/>
        <line num="25" count="67" type="stmt"/>
        <line num="26" count="67" type="stmt"/>
        <line num="27" count="67" type="stmt"/>
        <line num="28" count="67" type="stmt"/>
        <line num="29" count="67" type="stmt"/>
        <line num="30" count="67" type="cond" truecount="2" falsecount="0"/>
        <line num="31" count="67" type="stmt"/>
        <line num="32" count="67" type="stmt"/>
        <line num="33" count="67" type="stmt"/>
        <line num="34" count="67" type="stmt"/>
        <line num="36" count="67" type="stmt"/>
        <line num="37" count="48" type="cond" truecount="2" falsecount="0"/>
        <line num="39" count="4" type="stmt"/>
        <line num="40" count="4" type="cond" truecount="1" falsecount="1"/>
        <line num="41" count="0" type="stmt"/>
        <line num="42" count="0" type="stmt"/>
        <line num="45" count="4" type="stmt"/>
        <line num="46" count="4" type="stmt"/>
        <line num="49" count="4" type="stmt"/>
        <line num="52" count="67" type="stmt"/>
        <line num="53" count="48" type="cond" truecount="2" falsecount="0"/>
        <line num="55" count="4" type="stmt"/>
        <line num="56" count="4" type="stmt"/>
        <line num="57" count="4" type="stmt"/>
        <line num="60" count="4" type="stmt"/>
        <line num="64" count="67" type="stmt"/>
        <line num="65" count="37" type="cond" truecount="2" falsecount="0"/>
        <line num="66" count="37" type="stmt"/>
        <line num="67" count="37" type="cond" truecount="2" falsecount="0"/>
        <line num="68" count="8" type="stmt"/>
        <line num="69" count="5" type="stmt"/>
        <line num="71" count="8" type="stmt"/>
        <line num="75" count="67" type="cond" truecount="2" falsecount="0"/>
        <line num="76" count="1" type="stmt"/>
        <line num="83" count="66" type="stmt"/>
        <line num="85" count="66" type="stmt"/>
        <line num="86" count="4" type="cond" truecount="1" falsecount="1"/>
        <line num="88" count="4" type="stmt"/>
        <line num="89" count="4" type="cond" truecount="1" falsecount="1"/>
        <line num="91" count="4" type="cond" truecount="2" falsecount="0"/>
        <line num="92" count="4" type="stmt"/>
        <line num="93" count="4" type="stmt"/>
        <line num="96" count="66" type="stmt"/>
        <line num="97" count="1" type="stmt"/>
        <line num="100" count="66" type="stmt"/>
        <line num="101" count="3" type="stmt"/>
        <line num="104" count="66" type="stmt"/>
        <line num="105" count="4" type="stmt"/>
        <line num="106" count="4" type="cond" truecount="1" falsecount="1"/>
        <line num="108" count="4" type="cond" truecount="2" falsecount="0"/>
        <line num="109" count="1" type="stmt"/>
        <line num="110" count="1" type="stmt"/>
        <line num="111" count="3" type="cond" truecount="2" falsecount="0"/>
        <line num="112" count="2" type="stmt"/>
        <line num="113" count="2" type="stmt"/>
        <line num="114" count="1" type="cond" truecount="1" falsecount="1"/>
        <line num="115" count="1" type="stmt"/>
        <line num="116" count="1" type="stmt"/>
        <line num="120" count="66" type="stmt"/>
        <line num="121" count="0" type="cond" truecount="0" falsecount="2"/>
        <line num="122" count="0" type="stmt"/>
        <line num="123" count="0" type="stmt"/>
        <line num="126" count="0" type="stmt"/>
        <line num="127" count="0" type="stmt"/>
        <line num="130" count="66" type="stmt"/>
        <line num="131" count="0" type="cond" truecount="0" falsecount="2"/>
        <line num="133" count="0" type="stmt"/>
        <line num="134" count="0" type="stmt"/>
        <line num="135" count="0" type="cond" truecount="0" falsecount="4"/>
        <line num="137" count="0" type="stmt"/>
        <line num="138" count="0" type="stmt"/>
        <line num="139" count="0" type="stmt"/>
        <line num="140" count="0" type="stmt"/>
        <line num="141" count="0" type="stmt"/>
        <line num="143" count="0" type="cond" truecount="0" falsecount="4"/>
        <line num="145" count="0" type="cond" truecount="0" falsecount="2"/>
        <line num="146" count="0" type="stmt"/>
        <line num="148" count="0" type="stmt"/>
        <line num="152" count="66" type="stmt"/>
        <line num="159" count="66" type="cond" truecount="2" falsecount="0"/>
        <line num="169" count="67" type="stmt"/>
        <line num="216" count="148" type="stmt"/>
        <line num="219" count="0" type="stmt"/>
        <line num="253" count="148" type="stmt"/>
        <line num="256" count="0" type="stmt"/>
      </file>
    </package>
  </project>
</coverage>
