{"/Users/Ruffio/Desktop/Developer/AI Hackathon Guide/server/chat.ts": {"path":"/Users/Ruffio/Desktop/Developer/AI Hackathon Guide/server/chat.ts","statementMap":{"0":{"start":{"line":8,"column":2},"end":{"line":11,"column":null}},"1":{"start":{"line":9,"column":4},"end":{"line":9,"column":null}},"2":{"start":{"line":10,"column":4},"end":{"line":10,"column":null}},"3":{"start":{"line":13,"column":17},"end":{"line":16,"column":null}},"4":{"start":{"line":18,"column":2},"end":{"line":18,"column":null}}},"fnMap":{"0":{"name":"handler","decl":{"start":{"line":4,"column":30},"end":{"line":4,"column":null}},"loc":{"start":{"line":7,"column":17},"end":{"line":19,"column":null}},"line":7}},"branchMap":{"0":{"loc":{"start":{"line":8,"column":2},"end":{"line":11,"column":null}},"type":"if","locations":[{"start":{"line":8,"column":2},"end":{"line":11,"column":null}},{"start":{},"end":{}}],"line":8}},"s":{"0":2,"1":1,"2":1,"3":1,"4":1},"f":{"0":2},"b":{"0":[1,1]},"meta":{"lastBranch":1,"lastFunction":1,"lastStatement":5,"seen":{"f:4:30:4:Infinity":0,"b:8:2:11:Infinity:undefined:undefined:undefined:undefined":0,"s:8:2:11:Infinity":0,"s:9:4:9:Infinity":1,"s:10:4:10:Infinity":2,"s:13:17:16:Infinity":3,"s:18:2:18:Infinity":4}}}
,"/Users/Ruffio/Desktop/Developer/AI Hackathon Guide/shared/chatPolicy.ts": {"path":"/Users/Ruffio/Desktop/Developer/AI Hackathon Guide/shared/chatPolicy.ts","statementMap":{"0":{"start":{"line":71,"column":2},"end":{"line":71,"column":null}},"1":{"start":{"line":73,"column":36},"end":{"line":73,"column":null}},"2":{"start":{"line":75,"column":61},"end":{"line":82,"column":null}},"3":{"start":{"line":85,"column":2},"end":{"line":85,"column":null}},"4":{"start":{"line":89,"column":2},"end":{"line":91,"column":null}},"5":{"start":{"line":91,"column":23},"end":{"line":91,"column":40}},"6":{"start":{"line":95,"column":21},"end":{"line":95,"column":null}},"7":{"start":{"line":96,"column":2},"end":{"line":96,"column":null}},"8":{"start":{"line":100,"column":18},"end":{"line":100,"column":null}},"9":{"start":{"line":102,"column":2},"end":{"line":105,"column":null}},"10":{"start":{"line":103,"column":4},"end":{"line":103,"column":null}},"11":{"start":{"line":104,"column":4},"end":{"line":104,"column":null}},"12":{"start":{"line":107,"column":2},"end":{"line":112,"column":null}},"13":{"start":{"line":108,"column":4},"end":{"line":108,"column":null}},"14":{"start":{"line":109,"column":4},"end":{"line":109,"column":null}},"15":{"start":{"line":110,"column":4},"end":{"line":110,"column":null}},"16":{"start":{"line":111,"column":4},"end":{"line":111,"column":null}},"17":{"start":{"line":114,"column":2},"end":{"line":117,"column":null}},"18":{"start":{"line":115,"column":4},"end":{"line":115,"column":null}},"19":{"start":{"line":116,"column":4},"end":{"line":116,"column":null}},"20":{"start":{"line":119,"column":2},"end":{"line":119,"column":null}},"21":{"start":{"line":122,"column":33},"end":{"line":136,"column":null}},"22":{"start":{"line":123,"column":2},"end":{"line":135,"column":null}},"23":{"start":{"line":123,"column":31},"end":{"line":135,"column":4}},"24":{"start":{"line":139,"column":2},"end":{"line":145,"column":null}},"25":{"start":{"line":140,"column":4},"end":{"line":144,"column":null}},"26":{"start":{"line":140,"column":33},"end":{"line":144,"column":6}},"27":{"start":{"line":149,"column":23},"end":{"line":151,"column":null}},"28":{"start":{"line":150,"column":16},"end":{"line":150,"column":59}},"29":{"start":{"line":153,"column":2},"end":{"line":187,"column":null}},"30":{"start":{"line":191,"column":2},"end":{"line":191,"column":null}},"31":{"start":{"line":195,"column":26},"end":{"line":195,"column":null}},"32":{"start":{"line":196,"column":22},"end":{"line":196,"column":null}},"33":{"start":{"line":198,"column":17},"end":{"line":215,"column":null}},"34":{"start":{"line":199,"column":16},"end":{"line":199,"column":null}},"35":{"start":{"line":201,"column":4},"end":{"line":203,"column":null}},"36":{"start":{"line":202,"column":6},"end":{"line":202,"column":null}},"37":{"start":{"line":205,"column":4},"end":{"line":212,"column":null}},"38":{"start":{"line":206,"column":6},"end":{"line":208,"column":null}},"39":{"start":{"line":207,"column":8},"end":{"line":207,"column":null}},"40":{"start":{"line":209,"column":6},"end":{"line":211,"column":null}},"41":{"start":{"line":210,"column":8},"end":{"line":210,"column":null}},"42":{"start":{"line":214,"column":4},"end":{"line":214,"column":null}},"43":{"start":{"line":217,"column":17},"end":{"line":222,"column":null}},"44":{"start":{"line":219,"column":6},"end":{"line":219,"column":null}},"45":{"start":{"line":219,"column":31},"end":{"line":219,"column":null}},"46":{"start":{"line":220,"column":6},"end":{"line":220,"column":null}},"47":{"start":{"line":222,"column":20},"end":{"line":222,"column":30}},"48":{"start":{"line":224,"column":2},"end":{"line":226,"column":null}},"49":{"start":{"line":224,"column":30},"end":{"line":224,"column":45}},"50":{"start":{"line":225,"column":4},"end":{"line":225,"column":null}},"51":{"start":{"line":228,"column":2},"end":{"line":228,"column":null}},"52":{"start":{"line":232,"column":2},"end":{"line":243,"column":null}},"53":{"start":{"line":233,"column":25},"end":{"line":233,"column":71}},"54":{"start":{"line":234,"column":23},"end":{"line":234,"column":79}},"55":{"start":{"line":235,"column":25},"end":{"line":235,"column":49}},"56":{"start":{"line":242,"column":11},"end":{"line":242,"column":null}},"57":{"start":{"line":247,"column":2},"end":{"line":251,"column":null}},"58":{"start":{"line":247,"column":19},"end":{"line":247,"column":40}},"59":{"start":{"line":248,"column":4},"end":{"line":250,"column":null}},"60":{"start":{"line":249,"column":6},"end":{"line":249,"column":null}},"61":{"start":{"line":253,"column":2},"end":{"line":253,"column":null}},"62":{"start":{"line":260,"column":2},"end":{"line":262,"column":null}},"63":{"start":{"line":261,"column":4},"end":{"line":261,"column":null}},"64":{"start":{"line":264,"column":2},"end":{"line":264,"column":null}},"65":{"start":{"line":269,"column":2},"end":{"line":269,"column":null}},"66":{"start":{"line":273,"column":26},"end":{"line":273,"column":null}},"67":{"start":{"line":274,"column":2},"end":{"line":277,"column":null}},"68":{"start":{"line":278,"column":2},"end":{"line":280,"column":null}},"69":{"start":{"line":279,"column":4},"end":{"line":279,"column":null}},"70":{"start":{"line":281,"column":2},"end":{"line":284,"column":null}},"71":{"start":{"line":282,"column":18},"end":{"line":282,"column":null}},"72":{"start":{"line":282,"column":50},"end":{"line":282,"column":77}},"73":{"start":{"line":283,"column":4},"end":{"line":283,"column":null}},"74":{"start":{"line":285,"column":2},"end":{"line":285,"column":null}},"75":{"start":{"line":286,"column":2},"end":{"line":286,"column":null}},"76":{"start":{"line":290,"column":17},"end":{"line":290,"column":null}},"77":{"start":{"line":291,"column":18},"end":{"line":291,"column":null}},"78":{"start":{"line":291,"column":37},"end":{"line":291,"column":65}},"79":{"start":{"line":292,"column":2},"end":{"line":298,"column":null}},"80":{"start":{"line":293,"column":4},"end":{"line":297,"column":null}},"81":{"start":{"line":299,"column":2},"end":{"line":304,"column":null}},"82":{"start":{"line":308,"column":2},"end":{"line":323,"column":null}},"83":{"start":{"line":335,"column":2},"end":{"line":372,"column":null}},"84":{"start":{"line":336,"column":42},"end":{"line":339,"column":null}},"85":{"start":{"line":340,"column":4},"end":{"line":342,"column":null}},"86":{"start":{"line":341,"column":6},"end":{"line":341,"column":null}},"87":{"start":{"line":343,"column":21},"end":{"line":350,"column":null}},"88":{"start":{"line":352,"column":18},"end":{"line":352,"column":null}},"89":{"start":{"line":357,"column":4},"end":{"line":363,"column":null}},"90":{"start":{"line":358,"column":6},"end":{"line":362,"column":null}},"91":{"start":{"line":365,"column":4},"end":{"line":365,"column":null}},"92":{"start":{"line":367,"column":4},"end":{"line":371,"column":null}},"93":{"start":{"line":376,"column":18},"end":{"line":376,"column":null}},"94":{"start":{"line":377,"column":2},"end":{"line":377,"column":null}},"95":{"start":{"line":377,"column":31},"end":{"line":377,"column":null}},"96":{"start":{"line":379,"column":22},"end":{"line":379,"column":null}},"97":{"start":{"line":385,"column":2},"end":{"line":385,"column":null}},"98":{"start":{"line":389,"column":2},"end":{"line":389,"column":null}},"99":{"start":{"line":393,"column":2},"end":{"line":393,"column":null}},"100":{"start":{"line":393,"column":25},"end":{"line":393,"column":null}},"101":{"start":{"line":394,"column":2},"end":{"line":394,"column":null}},"102":{"start":{"line":401,"column":2},"end":{"line":403,"column":null}},"103":{"start":{"line":402,"column":4},"end":{"line":402,"column":null}},"104":{"start":{"line":405,"column":2},"end":{"line":407,"column":null}},"105":{"start":{"line":406,"column":4},"end":{"line":406,"column":null}},"106":{"start":{"line":409,"column":28},"end":{"line":409,"column":null}},"107":{"start":{"line":410,"column":2},"end":{"line":412,"column":null}},"108":{"start":{"line":411,"column":4},"end":{"line":411,"column":null}},"109":{"start":{"line":414,"column":28},"end":{"line":414,"column":null}},"110":{"start":{"line":415,"column":16},"end":{"line":415,"column":null}},"111":{"start":{"line":417,"column":2},"end":{"line":459,"column":null}},"112":{"start":{"line":418,"column":18},"end":{"line":418,"column":null}},"113":{"start":{"line":419,"column":25},"end":{"line":419,"column":null}},"114":{"start":{"line":420,"column":87},"end":{"line":423,"column":null}},"115":{"start":{"line":424,"column":19},"end":{"line":429,"column":null}},"116":{"start":{"line":430,"column":4},"end":{"line":433,"column":null}},"117":{"start":{"line":431,"column":6},"end":{"line":431,"column":null}},"118":{"start":{"line":432,"column":6},"end":{"line":432,"column":null}},"119":{"start":{"line":434,"column":20},"end":{"line":434,"column":null}},"120":{"start":{"line":436,"column":4},"end":{"line":442,"column":null}},"121":{"start":{"line":437,"column":6},"end":{"line":437,"column":null}},"122":{"start":{"line":439,"column":6},"end":{"line":439,"column":null}},"123":{"start":{"line":440,"column":30},"end":{"line":440,"column":null}},"124":{"start":{"line":441,"column":6},"end":{"line":441,"column":null}},"125":{"start":{"line":443,"column":4},"end":{"line":452,"column":null}},"126":{"start":{"line":444,"column":6},"end":{"line":451,"column":null}},"127":{"start":{"line":453,"column":4},"end":{"line":456,"column":null}},"128":{"start":{"line":454,"column":23},"end":{"line":454,"column":null}},"129":{"start":{"line":455,"column":6},"end":{"line":455,"column":null}},"130":{"start":{"line":457,"column":28},"end":{"line":457,"column":null}},"131":{"start":{"line":458,"column":4},"end":{"line":458,"column":null}},"132":{"start":{"line":461,"column":23},"end":{"line":461,"column":null}},"133":{"start":{"line":462,"column":85},"end":{"line":465,"column":null}},"134":{"start":{"line":466,"column":2},"end":{"line":470,"column":null}},"135":{"start":{"line":471,"column":18},"end":{"line":475,"column":null}},"136":{"start":{"line":476,"column":2},"end":{"line":482,"column":null}},"137":{"start":{"line":477,"column":4},"end":{"line":480,"column":null}},"138":{"start":{"line":481,"column":4},"end":{"line":481,"column":null}},"139":{"start":{"line":483,"column":2},"end":{"line":483,"column":null}}},"fnMap":{"0":{"name":"normalizeText","decl":{"start":{"line":84,"column":9},"end":{"line":84,"column":23}},"loc":{"start":{"line":84,"column":46},"end":{"line":86,"column":null}},"line":84},"1":{"name":"tokenize","decl":{"start":{"line":88,"column":9},"end":{"line":88,"column":18}},"loc":{"start":{"line":88,"column":43},"end":{"line":92,"column":null}},"line":88},"2":{"name":"(anonymous_2)","decl":{"start":{"line":91,"column":12},"end":{"line":91,"column":13}},"loc":{"start":{"line":91,"column":23},"end":{"line":91,"column":40}},"line":91},"3":{"name":"getSectionCategory","decl":{"start":{"line":94,"column":9},"end":{"line":94,"column":28}},"loc":{"start":{"line":94,"column":67},"end":{"line":97,"column":null}},"line":94},"4":{"name":"buildToolAliases","decl":{"start":{"line":99,"column":9},"end":{"line":99,"column":26}},"loc":{"start":{"line":99,"column":70},"end":{"line":120,"column":null}},"line":99},"5":{"name":"(anonymous_5)","decl":{"start":{"line":122,"column":50},"end":{"line":122,"column":51}},"loc":{"start":{"line":123,"column":2},"end":{"line":135,"column":null}},"line":123},"6":{"name":"(anonymous_6)","decl":{"start":{"line":123,"column":20},"end":{"line":123,"column":21}},"loc":{"start":{"line":123,"column":31},"end":{"line":135,"column":4}},"line":123},"7":{"name":"getSuggestStackToolList","decl":{"start":{"line":138,"column":9},"end":{"line":138,"column":55}},"loc":{"start":{"line":138,"column":55},"end":{"line":146,"column":null}},"line":138},"8":{"name":"(anonymous_8)","decl":{"start":{"line":139,"column":26},"end":{"line":139,"column":27}},"loc":{"start":{"line":140,"column":4},"end":{"line":144,"column":null}},"line":140},"9":{"name":"(anonymous_9)","decl":{"start":{"line":140,"column":22},"end":{"line":140,"column":23}},"loc":{"start":{"line":140,"column":33},"end":{"line":144,"column":6}},"line":140},"10":{"name":"buildSuggestStackSystemPrompt","decl":{"start":{"line":148,"column":9},"end":{"line":148,"column":39}},"loc":{"start":{"line":148,"column":74},"end":{"line":188,"column":null}},"line":148},"11":{"name":"(anonymous_11)","decl":{"start":{"line":150,"column":9},"end":{"line":150,"column":10}},"loc":{"start":{"line":150,"column":16},"end":{"line":150,"column":59}},"line":150},"12":{"name":"getFallbackRankedTools","decl":{"start":{"line":190,"column":9},"end":{"line":190,"column":47}},"loc":{"start":{"line":190,"column":47},"end":{"line":192,"column":null}},"line":190},"13":{"name":"rankGuideToolsByQuery","decl":{"start":{"line":194,"column":16},"end":{"line":194,"column":38}},"loc":{"start":{"line":194,"column":78},"end":{"line":229,"column":null}},"line":194},"14":{"name":"(anonymous_14)","decl":{"start":{"line":198,"column":33},"end":{"line":198,"column":34}},"loc":{"start":{"line":198,"column":50},"end":{"line":215,"column":3}},"line":198},"15":{"name":"(anonymous_15)","decl":{"start":{"line":218,"column":10},"end":{"line":218,"column":11}},"loc":{"start":{"line":218,"column":20},"end":{"line":221,"column":5}},"line":218},"16":{"name":"(anonymous_16)","decl":{"start":{"line":222,"column":9},"end":{"line":222,"column":10}},"loc":{"start":{"line":222,"column":20},"end":{"line":222,"column":30}},"line":222},"17":{"name":"(anonymous_17)","decl":{"start":{"line":224,"column":19},"end":{"line":224,"column":20}},"loc":{"start":{"line":224,"column":30},"end":{"line":224,"column":45}},"line":224},"18":{"name":"sanitizeMessages","decl":{"start":{"line":231,"column":9},"end":{"line":231,"column":26}},"loc":{"start":{"line":231,"column":102},"end":{"line":244,"column":null}},"line":231},"19":{"name":"(anonymous_19)","decl":{"start":{"line":233,"column":12},"end":{"line":233,"column":13}},"loc":{"start":{"line":233,"column":25},"end":{"line":233,"column":71}},"line":233},"20":{"name":"(anonymous_20)","decl":{"start":{"line":234,"column":9},"end":{"line":234,"column":10}},"loc":{"start":{"line":234,"column":23},"end":{"line":234,"column":79}},"line":234},"21":{"name":"(anonymous_21)","decl":{"start":{"line":235,"column":12},"end":{"line":235,"column":13}},"loc":{"start":{"line":235,"column":25},"end":{"line":235,"column":49}},"line":235},"22":{"name":"(anonymous_22)","decl":{"start":{"line":237,"column":6},"end":{"line":237,"column":null}},"loc":{"start":{"line":242,"column":11},"end":{"line":242,"column":null}},"line":242},"23":{"name":"getLatestUserMessage","decl":{"start":{"line":246,"column":9},"end":{"line":246,"column":30}},"loc":{"start":{"line":246,"column":99},"end":{"line":254,"column":null}},"line":246},"24":{"name":"buildSystemPrompt","decl":{"start":{"line":256,"column":16},"end":{"line":256,"column":34}},"loc":{"start":{"line":259,"column":11},"end":{"line":265,"column":null}},"line":259},"25":{"name":"getModelForMode","decl":{"start":{"line":267,"column":16},"end":{"line":267,"column":42}},"loc":{"start":{"line":267,"column":42},"end":{"line":270,"column":null}},"line":267},"26":{"name":"formatSuggestStackMarkdown","decl":{"start":{"line":272,"column":9},"end":{"line":272,"column":36}},"loc":{"start":{"line":272,"column":70},"end":{"line":287,"column":null}},"line":272},"27":{"name":"(anonymous_27)","decl":{"start":{"line":282,"column":43},"end":{"line":282,"column":44}},"loc":{"start":{"line":282,"column":50},"end":{"line":282,"column":77}},"line":282},"28":{"name":"buildSuggestStackFallbackResponse","decl":{"start":{"line":289,"column":9},"end":{"line":289,"column":43}},"loc":{"start":{"line":289,"column":78},"end":{"line":305,"column":null}},"line":289},"29":{"name":"(anonymous_29)","decl":{"start":{"line":291,"column":30},"end":{"line":291,"column":31}},"loc":{"start":{"line":291,"column":37},"end":{"line":291,"column":65}},"line":291},"30":{"name":"buildCompletion","decl":{"start":{"line":307,"column":9},"end":{"line":307,"column":25}},"loc":{"start":{"line":307,"column":82},"end":{"line":324,"column":null}},"line":307},"31":{"name":"fetchChatCompletion","decl":{"start":{"line":326,"column":15},"end":{"line":326,"column":35}},"loc":{"start":{"line":334,"column":2},"end":{"line":373,"column":null}},"line":334},"32":{"name":"getAssistantContent","decl":{"start":{"line":375,"column":9},"end":{"line":375,"column":29}},"loc":{"start":{"line":375,"column":71},"end":{"line":386,"column":null}},"line":375},"33":{"name":"shouldDebugLog","decl":{"start":{"line":388,"column":9},"end":{"line":388,"column":35}},"loc":{"start":{"line":388,"column":35},"end":{"line":390,"column":null}},"line":388},"34":{"name":"logDebug","decl":{"start":{"line":392,"column":9},"end":{"line":392,"column":18}},"loc":{"start":{"line":392,"column":70},"end":{"line":395,"column":null}},"line":392},"35":{"name":"handleChatRequest","decl":{"start":{"line":397,"column":22},"end":{"line":397,"column":null}},"loc":{"start":{"line":400,"column":62},"end":{"line":484,"column":null}},"line":400}},"branchMap":{"0":{"loc":{"start":{"line":96,"column":9},"end":{"line":96,"column":null}},"type":"binary-expr","locations":[{"start":{"line":96,"column":9},"end":{"line":96,"column":44}},{"start":{"line":96,"column":44},"end":{"line":96,"column":null}}],"line":96},"1":{"loc":{"start":{"line":102,"column":2},"end":{"line":105,"column":null}},"type":"if","locations":[{"start":{"line":102,"column":2},"end":{"line":105,"column":null}},{"start":{},"end":{}}],"line":102},"2":{"loc":{"start":{"line":107,"column":2},"end":{"line":112,"column":null}},"type":"if","locations":[{"start":{"line":107,"column":2},"end":{"line":112,"column":null}},{"start":{},"end":{}}],"line":107},"3":{"loc":{"start":{"line":114,"column":2},"end":{"line":117,"column":null}},"type":"if","locations":[{"start":{"line":114,"column":2},"end":{"line":117,"column":null}},{"start":{},"end":{}}],"line":114},"4":{"loc":{"start":{"line":194,"column":53},"end":{"line":194,"column":78}},"type":"default-arg","locations":[{"start":{"line":194,"column":61},"end":{"line":194,"column":78}}],"line":194},"5":{"loc":{"start":{"line":201,"column":4},"end":{"line":203,"column":null}},"type":"if","locations":[{"start":{"line":201,"column":4},"end":{"line":203,"column":null}},{"start":{},"end":{}}],"line":201},"6":{"loc":{"start":{"line":206,"column":6},"end":{"line":208,"column":null}},"type":"if","locations":[{"start":{"line":206,"column":6},"end":{"line":208,"column":null}},{"start":{},"end":{}}],"line":206},"7":{"loc":{"start":{"line":209,"column":6},"end":{"line":211,"column":null}},"type":"if","locations":[{"start":{"line":209,"column":6},"end":{"line":211,"column":null}},{"start":{},"end":{}}],"line":209},"8":{"loc":{"start":{"line":219,"column":6},"end":{"line":219,"column":null}},"type":"if","locations":[{"start":{"line":219,"column":6},"end":{"line":219,"column":null}},{"start":{},"end":{}}],"line":219},"9":{"loc":{"start":{"line":224,"column":2},"end":{"line":226,"column":null}},"type":"if","locations":[{"start":{"line":224,"column":2},"end":{"line":226,"column":null}},{"start":{},"end":{}}],"line":224},"10":{"loc":{"start":{"line":233,"column":25},"end":{"line":233,"column":71}},"type":"binary-expr","locations":[{"start":{"line":233,"column":25},"end":{"line":233,"column":36}},{"start":{"line":233,"column":36},"end":{"line":233,"column":71}}],"line":233},"11":{"loc":{"start":{"line":242,"column":11},"end":{"line":242,"column":null}},"type":"binary-expr","locations":[{"start":{"line":242,"column":11},"end":{"line":242,"column":38}},{"start":{"line":242,"column":38},"end":{"line":242,"column":null}}],"line":242},"12":{"loc":{"start":{"line":248,"column":4},"end":{"line":250,"column":null}},"type":"if","locations":[{"start":{"line":248,"column":4},"end":{"line":250,"column":null}},{"start":{},"end":{}}],"line":248},"13":{"loc":{"start":{"line":253,"column":9},"end":{"line":253,"column":null}},"type":"binary-expr","locations":[{"start":{"line":253,"column":9},"end":{"line":253,"column":51}},{"start":{"line":253,"column":51},"end":{"line":253,"column":null}}],"line":253},"14":{"loc":{"start":{"line":260,"column":2},"end":{"line":262,"column":null}},"type":"if","locations":[{"start":{"line":260,"column":2},"end":{"line":262,"column":null}},{"start":{},"end":{}}],"line":260},"15":{"loc":{"start":{"line":281,"column":2},"end":{"line":284,"column":null}},"type":"if","locations":[{"start":{"line":281,"column":2},"end":{"line":284,"column":null}},{"start":{},"end":{}}],"line":281},"16":{"loc":{"start":{"line":291,"column":18},"end":{"line":291,"column":null}},"type":"binary-expr","locations":[{"start":{"line":291,"column":18},"end":{"line":291,"column":70}},{"start":{"line":291,"column":70},"end":{"line":291,"column":null}}],"line":291},"17":{"loc":{"start":{"line":292,"column":2},"end":{"line":298,"column":null}},"type":"if","locations":[{"start":{"line":292,"column":2},"end":{"line":298,"column":null}},{"start":{},"end":{}}],"line":292},"18":{"loc":{"start":{"line":309,"column":8},"end":{"line":309,"column":null}},"type":"binary-expr","locations":[{"start":{"line":309,"column":8},"end":{"line":309,"column":21}},{"start":{"line":309,"column":21},"end":{"line":309,"column":null}}],"line":309},"19":{"loc":{"start":{"line":340,"column":4},"end":{"line":342,"column":null}},"type":"if","locations":[{"start":{"line":340,"column":4},"end":{"line":342,"column":null}},{"start":{},"end":{}}],"line":340},"20":{"loc":{"start":{"line":357,"column":4},"end":{"line":363,"column":null}},"type":"if","locations":[{"start":{"line":357,"column":4},"end":{"line":363,"column":null}},{"start":{},"end":{}}],"line":357},"21":{"loc":{"start":{"line":361,"column":15},"end":{"line":361,"column":null}},"type":"binary-expr","locations":[{"start":{"line":361,"column":15},"end":{"line":361,"column":38}},{"start":{"line":361,"column":38},"end":{"line":361,"column":null}}],"line":361},"22":{"loc":{"start":{"line":377,"column":2},"end":{"line":377,"column":null}},"type":"if","locations":[{"start":{"line":377,"column":2},"end":{"line":377,"column":null}},{"start":{},"end":{}}],"line":377},"23":{"loc":{"start":{"line":385,"column":9},"end":{"line":385,"column":null}},"type":"binary-expr","locations":[{"start":{"line":385,"column":9},"end":{"line":385,"column":50}},{"start":{"line":385,"column":50},"end":{"line":385,"column":null}}],"line":385},"24":{"loc":{"start":{"line":393,"column":2},"end":{"line":393,"column":null}},"type":"if","locations":[{"start":{"line":393,"column":2},"end":{"line":393,"column":null}},{"start":{},"end":{}}],"line":393},"25":{"loc":{"start":{"line":401,"column":2},"end":{"line":403,"column":null}},"type":"if","locations":[{"start":{"line":401,"column":2},"end":{"line":403,"column":null}},{"start":{},"end":{}}],"line":401},"26":{"loc":{"start":{"line":405,"column":2},"end":{"line":407,"column":null}},"type":"if","locations":[{"start":{"line":405,"column":2},"end":{"line":407,"column":null}},{"start":{},"end":{}}],"line":405},"27":{"loc":{"start":{"line":405,"column":6},"end":{"line":405,"column":56}},"type":"binary-expr","locations":[{"start":{"line":405,"column":6},"end":{"line":405,"column":25}},{"start":{"line":405,"column":25},"end":{"line":405,"column":56}}],"line":405},"28":{"loc":{"start":{"line":410,"column":2},"end":{"line":412,"column":null}},"type":"if","locations":[{"start":{"line":410,"column":2},"end":{"line":412,"column":null}},{"start":{},"end":{}}],"line":410},"29":{"loc":{"start":{"line":417,"column":2},"end":{"line":459,"column":null}},"type":"if","locations":[{"start":{"line":417,"column":2},"end":{"line":459,"column":null}},{"start":{},"end":{}}],"line":417},"30":{"loc":{"start":{"line":430,"column":4},"end":{"line":433,"column":null}},"type":"if","locations":[{"start":{"line":430,"column":4},"end":{"line":433,"column":null}},{"start":{},"end":{}}],"line":430},"31":{"loc":{"start":{"line":443,"column":4},"end":{"line":452,"column":null}},"type":"if","locations":[{"start":{"line":443,"column":4},"end":{"line":452,"column":null}},{"start":{},"end":{}}],"line":443},"32":{"loc":{"start":{"line":443,"column":8},"end":{"line":443,"column":71}},"type":"binary-expr","locations":[{"start":{"line":443,"column":8},"end":{"line":443,"column":43}},{"start":{"line":443,"column":43},"end":{"line":443,"column":71}}],"line":443},"33":{"loc":{"start":{"line":453,"column":4},"end":{"line":456,"column":null}},"type":"if","locations":[{"start":{"line":453,"column":4},"end":{"line":456,"column":null}},{"start":{},"end":{}}],"line":453},"34":{"loc":{"start":{"line":453,"column":8},"end":{"line":453,"column":49}},"type":"binary-expr","locations":[{"start":{"line":453,"column":8},"end":{"line":453,"column":35}},{"start":{"line":453,"column":35},"end":{"line":453,"column":49}}],"line":453},"35":{"loc":{"start":{"line":467,"column":10},"end":{"line":467,"column":null}},"type":"binary-expr","locations":[{"start":{"line":467,"column":10},"end":{"line":467,"column":23}},{"start":{"line":467,"column":23},"end":{"line":467,"column":null}}],"line":467},"36":{"loc":{"start":{"line":476,"column":2},"end":{"line":482,"column":null}},"type":"if","locations":[{"start":{"line":476,"column":2},"end":{"line":482,"column":null}},{"start":{},"end":{}}],"line":476},"37":{"loc":{"start":{"line":478,"column":12},"end":{"line":478,"column":null}},"type":"binary-expr","locations":[{"start":{"line":478,"column":12},"end":{"line":478,"column":25}},{"start":{"line":478,"column":25},"end":{"line":478,"column":null}}],"line":478}},"s":{"0":1,"1":1,"2":1,"3":154,"4":7,"5":12,"6":112,"7":112,"8":14,"9":14,"10":1,"11":1,"12":14,"13":1,"14":1,"15":1,"16":1,"17":14,"18":1,"19":1,"20":14,"21":1,"22":6,"23":14,"24":7,"25":42,"26":98,"27":7,"28":98,"29":7,"30":3,"31":7,"32":7,"33":7,"34":98,"35":98,"36":1,"37":98,"38":126,"39":1,"40":126,"41":17,"42":98,"43":7,"44":132,"45":30,"46":102,"47":98,"48":7,"49":46,"50":3,"51":4,"52":12,"53":12,"54":12,"55":12,"56":11,"57":10,"58":10,"59":10,"60":9,"61":1,"62":5,"63":1,"64":4,"65":11,"66":2,"67":2,"68":2,"69":2,"70":2,"71":1,"72":1,"73":1,"74":2,"75":2,"76":3,"77":3,"78":4,"79":3,"80":0,"81":3,"82":6,"83":10,"84":10,"85":10,"86":7,"87":10,"88":9,"89":9,"90":2,"91":7,"92":1,"93":6,"94":6,"95":0,"96":6,"97":6,"98":8,"99":8,"100":0,"101":8,"102":15,"103":1,"104":14,"105":2,"106":12,"107":12,"108":2,"109":10,"110":10,"111":10,"112":7,"113":7,"114":7,"115":7,"116":7,"117":1,"118":1,"119":6,"120":6,"121":6,"122":2,"123":2,"124":2,"125":4,"126":1,"127":3,"128":2,"129":2,"130":1,"131":1,"132":3,"133":3,"134":3,"135":15,"136":3,"137":2,"138":2,"139":1},"f":{"0":154,"1":7,"2":12,"3":112,"4":14,"5":6,"6":14,"7":7,"8":42,"9":98,"10":7,"11":98,"12":3,"13":7,"14":98,"15":132,"16":98,"17":46,"18":12,"19":12,"20":12,"21":12,"22":11,"23":10,"24":5,"25":11,"26":2,"27":1,"28":3,"29":4,"30":6,"31":10,"32":6,"33":8,"34":8,"35":15},"b":{"0":[112,0],"1":[1,13],"2":[1,13],"3":[1,13],"4":[7],"5":[1,97],"6":[1,125],"7":[17,109],"8":[30,102],"9":[3,4],"10":[12,12],"11":[11,2],"12":[9,1],"13":[1,0],"14":[1,4],"15":[1,1],"16":[3,0],"17":[0,3],"18":[6,5],"19":[7,3],"20":[2,7],"21":[2,0],"22":[0,6],"23":[6,0],"24":[0,8],"25":[1,14],"26":[2,12],"27":[14,13],"28":[2,10],"29":[7,3],"30":[1,6],"31":[1,3],"32":[4,1],"33":[2,1],"34":[3,2],"35":[3,3],"36":[2,1],"37":[2,2]},"meta":{"lastBranch":38,"lastFunction":36,"lastStatement":140,"seen":{"s:71:2:71:Infinity":0,"s:73:36:73:Infinity":1,"s:75:61:82:Infinity":2,"f:84:9:84:23":0,"s:85:2:85:Infinity":3,"f:88:9:88:18":1,"s:89:2:91:Infinity":4,"f:91:12:91:13":2,"s:91:23:91:40":5,"f:94:9:94:28":3,"s:95:21:95:Infinity":6,"s:96:2:96:Infinity":7,"b:96:9:96:44:96:44:96:Infinity":0,"f:99:9:99:26":4,"s:100:18:100:Infinity":8,"b:102:2:105:Infinity:undefined:undefined:undefined:undefined":1,"s:102:2:105:Infinity":9,"s:103:4:103:Infinity":10,"s:104:4:104:Infinity":11,"b:107:2:112:Infinity:undefined:undefined:undefined:undefined":2,"s:107:2:112:Infinity":12,"s:108:4:108:Infinity":13,"s:109:4:109:Infinity":14,"s:110:4:110:Infinity":15,"s:111:4:111:Infinity":16,"b:114:2:117:Infinity:undefined:undefined:undefined:undefined":3,"s:114:2:117:Infinity":17,"s:115:4:115:Infinity":18,"s:116:4:116:Infinity":19,"s:119:2:119:Infinity":20,"s:122:33:136:Infinity":21,"f:122:50:122:51":5,"s:123:2:135:Infinity":22,"f:123:20:123:21":6,"s:123:31:135:4":23,"f:138:9:138:55":7,"s:139:2:145:Infinity":24,"f:139:26:139:27":8,"s:140:4:144:Infinity":25,"f:140:22:140:23":9,"s:140:33:144:6":26,"f:148:9:148:39":10,"s:149:23:151:Infinity":27,"f:150:9:150:10":11,"s:150:16:150:59":28,"s:153:2:187:Infinity":29,"f:190:9:190:47":12,"s:191:2:191:Infinity":30,"f:194:16:194:38":13,"b:194:61:194:78":4,"s:195:26:195:Infinity":31,"s:196:22:196:Infinity":32,"s:198:17:215:Infinity":33,"f:198:33:198:34":14,"s:199:16:199:Infinity":34,"b:201:4:203:Infinity:undefined:undefined:undefined:undefined":5,"s:201:4:203:Infinity":35,"s:202:6:202:Infinity":36,"s:205:4:212:Infinity":37,"b:206:6:208:Infinity:undefined:undefined:undefined:undefined":6,"s:206:6:208:Infinity":38,"s:207:8:207:Infinity":39,"b:209:6:211:Infinity:undefined:undefined:undefined:undefined":7,"s:209:6:211:Infinity":40,"s:210:8:210:Infinity":41,"s:214:4:214:Infinity":42,"s:217:17:222:Infinity":43,"f:218:10:218:11":15,"b:219:6:219:Infinity:undefined:undefined:undefined:undefined":8,"s:219:6:219:Infinity":44,"s:219:31:219:Infinity":45,"s:220:6:220:Infinity":46,"f:222:9:222:10":16,"s:222:20:222:30":47,"b:224:2:226:Infinity:undefined:undefined:undefined:undefined":9,"s:224:2:226:Infinity":48,"f:224:19:224:20":17,"s:224:30:224:45":49,"s:225:4:225:Infinity":50,"s:228:2:228:Infinity":51,"f:231:9:231:26":18,"s:232:2:243:Infinity":52,"f:233:12:233:13":19,"s:233:25:233:71":53,"b:233:25:233:36:233:36:233:71":10,"f:234:9:234:10":20,"s:234:23:234:79":54,"f:235:12:235:13":21,"s:235:25:235:49":55,"f:237:6:237:Infinity":22,"s:242:11:242:Infinity":56,"b:242:11:242:38:242:38:242:Infinity":11,"f:246:9:246:30":23,"s:247:2:251:Infinity":57,"s:247:19:247:40":58,"b:248:4:250:Infinity:undefined:undefined:undefined:undefined":12,"s:248:4:250:Infinity":59,"s:249:6:249:Infinity":60,"s:253:2:253:Infinity":61,"b:253:9:253:51:253:51:253:Infinity":13,"f:256:16:256:34":24,"b:260:2:262:Infinity:undefined:undefined:undefined:undefined":14,"s:260:2:262:Infinity":62,"s:261:4:261:Infinity":63,"s:264:2:264:Infinity":64,"f:267:16:267:42":25,"s:269:2:269:Infinity":65,"f:272:9:272:36":26,"s:273:26:273:Infinity":66,"s:274:2:277:Infinity":67,"s:278:2:280:Infinity":68,"s:279:4:279:Infinity":69,"b:281:2:284:Infinity:undefined:undefined:undefined:undefined":15,"s:281:2:284:Infinity":70,"s:282:18:282:Infinity":71,"f:282:43:282:44":27,"s:282:50:282:77":72,"s:283:4:283:Infinity":73,"s:285:2:285:Infinity":74,"s:286:2:286:Infinity":75,"f:289:9:289:43":28,"s:290:17:290:Infinity":76,"s:291:18:291:Infinity":77,"b:291:18:291:70:291:70:291:Infinity":16,"f:291:30:291:31":29,"s:291:37:291:65":78,"b:292:2:298:Infinity:undefined:undefined:undefined:undefined":17,"s:292:2:298:Infinity":79,"s:293:4:297:Infinity":80,"s:299:2:304:Infinity":81,"f:307:9:307:25":30,"s:308:2:323:Infinity":82,"b:309:8:309:21:309:21:309:Infinity":18,"f:326:15:326:35":31,"s:335:2:372:Infinity":83,"s:336:42:339:Infinity":84,"b:340:4:342:Infinity:undefined:undefined:undefined:undefined":19,"s:340:4:342:Infinity":85,"s:341:6:341:Infinity":86,"s:343:21:350:Infinity":87,"s:352:18:352:Infinity":88,"b:357:4:363:Infinity:undefined:undefined:undefined:undefined":20,"s:357:4:363:Infinity":89,"s:358:6:362:Infinity":90,"b:361:15:361:38:361:38:361:Infinity":21,"s:365:4:365:Infinity":91,"s:367:4:371:Infinity":92,"f:375:9:375:29":32,"s:376:18:376:Infinity":93,"b:377:2:377:Infinity:undefined:undefined:undefined:undefined":22,"s:377:2:377:Infinity":94,"s:377:31:377:Infinity":95,"s:379:22:379:Infinity":96,"s:385:2:385:Infinity":97,"b:385:9:385:50:385:50:385:Infinity":23,"f:388:9:388:35":33,"s:389:2:389:Infinity":98,"f:392:9:392:18":34,"b:393:2:393:Infinity:undefined:undefined:undefined:undefined":24,"s:393:2:393:Infinity":99,"s:393:25:393:Infinity":100,"s:394:2:394:Infinity":101,"f:397:22:397:Infinity":35,"b:401:2:403:Infinity:undefined:undefined:undefined:undefined":25,"s:401:2:403:Infinity":102,"s:402:4:402:Infinity":103,"b:405:2:407:Infinity:undefined:undefined:undefined:undefined":26,"s:405:2:407:Infinity":104,"b:405:6:405:25:405:25:405:56":27,"s:406:4:406:Infinity":105,"s:409:28:409:Infinity":106,"b:410:2:412:Infinity:undefined:undefined:undefined:undefined":28,"s:410:2:412:Infinity":107,"s:411:4:411:Infinity":108,"s:414:28:414:Infinity":109,"s:415:16:415:Infinity":110,"b:417:2:459:Infinity:undefined:undefined:undefined:undefined":29,"s:417:2:459:Infinity":111,"s:418:18:418:Infinity":112,"s:419:25:419:Infinity":113,"s:420:87:423:Infinity":114,"s:424:19:429:Infinity":115,"b:430:4:433:Infinity:undefined:undefined:undefined:undefined":30,"s:430:4:433:Infinity":116,"s:431:6:431:Infinity":117,"s:432:6:432:Infinity":118,"s:434:20:434:Infinity":119,"s:436:4:442:Infinity":120,"s:437:6:437:Infinity":121,"s:439:6:439:Infinity":122,"s:440:30:440:Infinity":123,"s:441:6:441:Infinity":124,"b:443:4:452:Infinity:undefined:undefined:undefined:undefined":31,"s:443:4:452:Infinity":125,"b:443:8:443:43:443:43:443:71":32,"s:444:6:451:Infinity":126,"b:453:4:456:Infinity:undefined:undefined:undefined:undefined":33,"s:453:4:456:Infinity":127,"b:453:8:453:35:453:35:453:49":34,"s:454:23:454:Infinity":128,"s:455:6:455:Infinity":129,"s:457:28:457:Infinity":130,"s:458:4:458:Infinity":131,"s:461:23:461:Infinity":132,"s:462:85:465:Infinity":133,"s:466:2:470:Infinity":134,"b:467:10:467:23:467:23:467:Infinity":35,"s:471:18:475:Infinity":135,"b:476:2:482:Infinity:undefined:undefined:undefined:undefined":36,"s:476:2:482:Infinity":136,"s:477:4:480:Infinity":137,"b:478:12:478:25:478:25:478:Infinity":37,"s:481:4:481:Infinity":138,"s:483:2:483:Infinity":139}}}
,"/Users/Ruffio/Desktop/Developer/AI Hackathon Guide/src/App.tsx": {"path":"/Users/Ruffio/Desktop/Developer/AI Hackathon Guide/src/App.tsx","statementMap":{"0":{"start":{"line":8,"column":18},"end":{"line":8,"column":null}},"1":{"start":{"line":12,"column":4},"end":{"line":12,"column":null}},"2":{"start":{"line":12,"column":39},"end":{"line":12,"column":null}},"3":{"start":{"line":13,"column":19},"end":{"line":13,"column":null}},"4":{"start":{"line":14,"column":4},"end":{"line":14,"column":null}},"5":{"start":{"line":14,"column":49},"end":{"line":14,"column":null}},"6":{"start":{"line":15,"column":4},"end":{"line":17,"column":null}},"7":{"start":{"line":21,"column":42},"end":{"line":23,"column":null}},"8":{"start":{"line":24,"column":26},"end":{"line":24,"column":null}},"9":{"start":{"line":25,"column":32},"end":{"line":25,"column":null}},"10":{"start":{"line":26,"column":38},"end":{"line":30,"column":null}},"11":{"start":{"line":32,"column":4},"end":{"line":34,"column":null}},"12":{"start":{"line":33,"column":8},"end":{"line":33,"column":null}},"13":{"start":{"line":36,"column":26},"end":{"line":38,"column":null}},"14":{"start":{"line":37,"column":8},"end":{"line":37,"column":null}},"15":{"start":{"line":37,"column":36},"end":{"line":37,"column":60}},"16":{"start":{"line":40,"column":24},"end":{"line":46,"column":null}},"17":{"start":{"line":41,"column":8},"end":{"line":45,"column":null}},"18":{"start":{"line":42,"column":25},"end":{"line":42,"column":null}},"19":{"start":{"line":43,"column":12},"end":{"line":43,"column":null}},"20":{"start":{"line":44,"column":12},"end":{"line":44,"column":null}},"21":{"start":{"line":48,"column":4},"end":{"line":236,"column":null}},"22":{"start":{"line":105,"column":36},"end":{"line":109,"column":null}},"23":{"start":{"line":110,"column":36},"end":{"line":110,"column":null}},"24":{"start":{"line":164,"column":40},"end":{"line":164,"column":null}},"25":{"start":{"line":165,"column":53},"end":{"line":165,"column":null}},"26":{"start":{"line":167,"column":40},"end":{"line":167,"column":null}},"27":{"start":{"line":169,"column":36},"end":{"line":189,"column":null}},"28":{"start":{"line":177,"column":48},"end":{"line":177,"column":null}},"29":{"start":{"line":231,"column":31},"end":{"line":231,"column":null}}},"fnMap":{"0":{"name":"getInitialTheme","decl":{"start":{"line":11,"column":9},"end":{"line":11,"column":34}},"loc":{"start":{"line":11,"column":34},"end":{"line":18,"column":null}},"line":11},"1":{"name":"App","decl":{"start":{"line":20,"column":9},"end":{"line":20,"column":15}},"loc":{"start":{"line":20,"column":15},"end":{"line":238,"column":null}},"line":20},"2":{"name":"(anonymous_2)","decl":{"start":{"line":32,"column":14},"end":{"line":32,"column":20}},"loc":{"start":{"line":32,"column":20},"end":{"line":34,"column":7}},"line":32},"3":{"name":"(anonymous_3)","decl":{"start":{"line":36,"column":26},"end":{"line":36,"column":27}},"loc":{"start":{"line":36,"column":42},"end":{"line":38,"column":null}},"line":36},"4":{"name":"(anonymous_4)","decl":{"start":{"line":37,"column":25},"end":{"line":37,"column":26}},"loc":{"start":{"line":37,"column":36},"end":{"line":37,"column":60}},"line":37},"5":{"name":"(anonymous_5)","decl":{"start":{"line":40,"column":24},"end":{"line":40,"column":30}},"loc":{"start":{"line":40,"column":30},"end":{"line":46,"column":null}},"line":40},"6":{"name":"(anonymous_6)","decl":{"start":{"line":41,"column":17},"end":{"line":41,"column":18}},"loc":{"start":{"line":41,"column":24},"end":{"line":45,"column":9}},"line":41},"7":{"name":"(anonymous_7)","decl":{"start":{"line":104,"column":41},"end":{"line":104,"column":47}},"loc":{"start":{"line":104,"column":47},"end":{"line":111,"column":null}},"line":104},"8":{"name":"(anonymous_8)","decl":{"start":{"line":162,"column":46},"end":{"line":162,"column":47}},"loc":{"start":{"line":162,"column":59},"end":{"line":191,"column":33}},"line":162},"9":{"name":"(anonymous_9)","decl":{"start":{"line":176,"column":54},"end":{"line":176,"column":null}},"loc":{"start":{"line":177,"column":48},"end":{"line":177,"column":null}},"line":177},"10":{"name":"(anonymous_10)","decl":{"start":{"line":231,"column":25},"end":{"line":231,"column":31}},"loc":{"start":{"line":231,"column":31},"end":{"line":231,"column":null}},"line":231}},"branchMap":{"0":{"loc":{"start":{"line":12,"column":4},"end":{"line":12,"column":null}},"type":"if","locations":[{"start":{"line":12,"column":4},"end":{"line":12,"column":null}},{"start":{},"end":{}}],"line":12},"1":{"loc":{"start":{"line":14,"column":4},"end":{"line":14,"column":null}},"type":"if","locations":[{"start":{"line":14,"column":4},"end":{"line":14,"column":null}},{"start":{},"end":{}}],"line":14},"2":{"loc":{"start":{"line":14,"column":8},"end":{"line":14,"column":49}},"type":"binary-expr","locations":[{"start":{"line":14,"column":8},"end":{"line":14,"column":30}},{"start":{"line":14,"column":30},"end":{"line":14,"column":49}}],"line":14},"3":{"loc":{"start":{"line":15,"column":11},"end":{"line":17,"column":null}},"type":"cond-expr","locations":[{"start":{"line":16,"column":10},"end":{"line":16,"column":null}},{"start":{"line":17,"column":10},"end":{"line":17,"column":null}}],"line":15},"4":{"loc":{"start":{"line":37,"column":36},"end":{"line":37,"column":60}},"type":"cond-expr","locations":[{"start":{"line":37,"column":50},"end":{"line":37,"column":57}},{"start":{"line":37,"column":57},"end":{"line":37,"column":60}}],"line":37},"5":{"loc":{"start":{"line":42,"column":25},"end":{"line":42,"column":null}},"type":"cond-expr","locations":[{"start":{"line":42,"column":40},"end":{"line":42,"column":50}},{"start":{"line":42,"column":50},"end":{"line":42,"column":null}}],"line":42},"6":{"loc":{"start":{"line":83,"column":40},"end":{"line":85,"column":null}},"type":"cond-expr","locations":[{"start":{"line":84,"column":46},"end":{"line":84,"column":null}},{"start":{"line":85,"column":46},"end":{"line":85,"column":null}}],"line":83},"7":{"loc":{"start":{"line":88,"column":37},"end":{"line":91,"column":null}},"type":"cond-expr","locations":[{"start":{"line":89,"column":40},"end":{"line":89,"column":null}},{"start":{"line":91,"column":40},"end":{"line":91,"column":null}}],"line":88},"8":{"loc":{"start":{"line":164,"column":40},"end":{"line":164,"column":null}},"type":"binary-expr","locations":[{"start":{"line":164,"column":40},"end":{"line":164,"column":64}},{"start":{"line":164,"column":64},"end":{"line":164,"column":null}}],"line":164},"9":{"loc":{"start":{"line":167,"column":40},"end":{"line":167,"column":null}},"type":"binary-expr","locations":[{"start":{"line":167,"column":40},"end":{"line":167,"column":53}},{"start":{"line":167,"column":53},"end":{"line":167,"column":null}}],"line":167},"10":{"loc":{"start":{"line":180,"column":45},"end":{"line":187,"column":null}},"type":"cond-expr","locations":[{"start":{"line":180,"column":64},"end":{"line":180,"column":null}},{"start":{"line":181,"column":48},"end":{"line":187,"column":null}}],"line":180}},"s":{"0":1,"1":5,"2":0,"3":5,"4":5,"5":4,"6":1,"7":8,"8":8,"9":8,"10":8,"11":8,"12":6,"13":8,"14":1,"15":1,"16":8,"17":1,"18":1,"19":1,"20":1,"21":8,"22":1,"23":1,"24":48,"25":48,"26":48,"27":48,"28":1,"29":0},"f":{"0":5,"1":8,"2":6,"3":1,"4":1,"5":1,"6":1,"7":1,"8":48,"9":1,"10":0},"b":{"0":[0,5],"1":[4,1],"2":[5,5],"3":[1,0],"4":[1,0],"5":[1,0],"6":[6,2],"7":[6,2],"8":[48,48],"9":[48,0],"10":[0,48]},"meta":{"lastBranch":11,"lastFunction":11,"lastStatement":30,"seen":{"s:8:18:8:Infinity":0,"f:11:9:11:34":0,"b:12:4:12:Infinity:undefined:undefined:undefined:undefined":0,"s:12:4:12:Infinity":1,"s:12:39:12:Infinity":2,"s:13:19:13:Infinity":3,"b:14:4:14:Infinity:undefined:undefined:undefined:undefined":1,"s:14:4:14:Infinity":4,"b:14:8:14:30:14:30:14:49":2,"s:14:49:14:Infinity":5,"s:15:4:17:Infinity":6,"b:16:10:16:Infinity:17:10:17:Infinity":3,"f:20:9:20:15":1,"s:21:42:23:Infinity":7,"s:24:26:24:Infinity":8,"s:25:32:25:Infinity":9,"s:26:38:30:Infinity":10,"s:32:4:34:Infinity":11,"f:32:14:32:20":2,"s:33:8:33:Infinity":12,"s:36:26:38:Infinity":13,"f:36:26:36:27":3,"s:37:8:37:Infinity":14,"f:37:25:37:26":4,"s:37:36:37:60":15,"b:37:50:37:57:37:57:37:60":4,"s:40:24:46:Infinity":16,"f:40:24:40:30":5,"s:41:8:45:Infinity":17,"f:41:17:41:18":6,"s:42:25:42:Infinity":18,"b:42:40:42:50:42:50:42:Infinity":5,"s:43:12:43:Infinity":19,"s:44:12:44:Infinity":20,"s:48:4:236:Infinity":21,"b:84:46:84:Infinity:85:46:85:Infinity":6,"b:89:40:89:Infinity:91:40:91:Infinity":7,"f:104:41:104:47":7,"s:105:36:109:Infinity":22,"s:110:36:110:Infinity":23,"f:162:46:162:47":8,"s:164:40:164:Infinity":24,"b:164:40:164:64:164:64:164:Infinity":8,"s:165:53:165:Infinity":25,"s:167:40:167:Infinity":26,"b:167:40:167:53:167:53:167:Infinity":9,"s:169:36:189:Infinity":27,"f:176:54:176:Infinity":9,"s:177:48:177:Infinity":28,"b:180:64:180:Infinity:181:48:187:Infinity":10,"f:231:25:231:31":10,"s:231:31:231:Infinity":29}}}
,"/Users/Ruffio/Desktop/Developer/AI Hackathon Guide/src/components/ChatPanel.tsx": {"path":"/Users/Ruffio/Desktop/Developer/AI Hackathon Guide/src/components/ChatPanel.tsx","statementMap":{"0":{"start":{"line":19,"column":17},"end":{"line":19,"column":null}},"1":{"start":{"line":20,"column":28},"end":{"line":20,"column":null}},"2":{"start":{"line":21,"column":28},"end":{"line":21,"column":null}},"3":{"start":{"line":30,"column":32},"end":{"line":30,"column":null}},"4":{"start":{"line":31,"column":26},"end":{"line":31,"column":null}},"5":{"start":{"line":32,"column":30},"end":{"line":32,"column":null}},"6":{"start":{"line":33,"column":26},"end":{"line":33,"column":null}},"7":{"start":{"line":34,"column":10},"end":{"line":34,"column":null}},"8":{"start":{"line":35,"column":10},"end":{"line":35,"column":null}},"9":{"start":{"line":37,"column":24},"end":{"line":49,"column":null}},"10":{"start":{"line":38,"column":25},"end":{"line":38,"column":null}},"11":{"start":{"line":39,"column":8},"end":{"line":39,"column":null}},"12":{"start":{"line":39,"column":23},"end":{"line":39,"column":null}},"13":{"start":{"line":41,"column":8},"end":{"line":41,"column":null}},"14":{"start":{"line":42,"column":27},"end":{"line":45,"column":null}},"15":{"start":{"line":46,"column":8},"end":{"line":46,"column":null}},"16":{"start":{"line":47,"column":8},"end":{"line":48,"column":null}},"17":{"start":{"line":51,"column":4},"end":{"line":53,"column":null}},"18":{"start":{"line":52,"column":8},"end":{"line":52,"column":null}},"19":{"start":{"line":55,"column":4},"end":{"line":60,"column":null}},"20":{"start":{"line":56,"column":8},"end":{"line":59,"column":null}},"21":{"start":{"line":57,"column":12},"end":{"line":57,"column":null}},"22":{"start":{"line":58,"column":12},"end":{"line":58,"column":null}},"23":{"start":{"line":62,"column":4},"end":{"line":64,"column":null}},"24":{"start":{"line":63,"column":8},"end":{"line":63,"column":null}},"25":{"start":{"line":66,"column":24},"end":{"line":112,"column":null}},"26":{"start":{"line":67,"column":21},"end":{"line":67,"column":null}},"27":{"start":{"line":68,"column":8},"end":{"line":68,"column":null}},"28":{"start":{"line":68,"column":30},"end":{"line":68,"column":null}},"29":{"start":{"line":70,"column":8},"end":{"line":70,"column":null}},"30":{"start":{"line":71,"column":8},"end":{"line":71,"column":null}},"31":{"start":{"line":71,"column":30},"end":{"line":71,"column":72}},"32":{"start":{"line":72,"column":8},"end":{"line":72,"column":null}},"33":{"start":{"line":73,"column":8},"end":{"line":73,"column":null}},"34":{"start":{"line":75,"column":29},"end":{"line":78,"column":null}},"35":{"start":{"line":76,"column":36},"end":{"line":76,"column":73}},"36":{"start":{"line":80,"column":8},"end":{"line":111,"column":null}},"37":{"start":{"line":81,"column":24},"end":{"line":89,"column":null}},"38":{"start":{"line":91,"column":26},"end":{"line":91,"column":null}},"39":{"start":{"line":96,"column":12},"end":{"line":99,"column":null}},"40":{"start":{"line":97,"column":16},"end":{"line":97,"column":null}},"41":{"start":{"line":98,"column":16},"end":{"line":98,"column":null}},"42":{"start":{"line":102,"column":16},"end":{"line":102,"column":null}},"43":{"start":{"line":103,"column":12},"end":{"line":106,"column":null}},"44":{"start":{"line":103,"column":34},"end":{"line":106,"column":13}},"45":{"start":{"line":108,"column":12},"end":{"line":108,"column":null}},"46":{"start":{"line":110,"column":12},"end":{"line":110,"column":null}},"47":{"start":{"line":114,"column":26},"end":{"line":119,"column":null}},"48":{"start":{"line":115,"column":8},"end":{"line":118,"column":null}},"49":{"start":{"line":116,"column":12},"end":{"line":116,"column":null}},"50":{"start":{"line":117,"column":12},"end":{"line":117,"column":null}},"51":{"start":{"line":121,"column":4},"end":{"line":121,"column":null}},"52":{"start":{"line":121,"column":17},"end":{"line":121,"column":null}},"53":{"start":{"line":123,"column":4},"end":{"line":291,"column":null}},"54":{"start":{"line":137,"column":32},"end":{"line":137,"column":null}},"55":{"start":{"line":191,"column":24},"end":{"line":220,"column":null}},"56":{"start":{"line":260,"column":45},"end":{"line":260,"column":null}}},"fnMap":{"0":{"name":"ChatPanel","decl":{"start":{"line":23,"column":16},"end":{"line":23,"column":26}},"loc":{"start":{"line":29,"column":19},"end":{"line":293,"column":null}},"line":29},"1":{"name":"(anonymous_1)","decl":{"start":{"line":37,"column":24},"end":{"line":37,"column":30}},"loc":{"start":{"line":37,"column":30},"end":{"line":49,"column":null}},"line":37},"2":{"name":"(anonymous_2)","decl":{"start":{"line":51,"column":14},"end":{"line":51,"column":20}},"loc":{"start":{"line":51,"column":20},"end":{"line":53,"column":7}},"line":51},"3":{"name":"(anonymous_3)","decl":{"start":{"line":55,"column":14},"end":{"line":55,"column":20}},"loc":{"start":{"line":55,"column":20},"end":{"line":60,"column":7}},"line":55},"4":{"name":"(anonymous_4)","decl":{"start":{"line":62,"column":14},"end":{"line":62,"column":20}},"loc":{"start":{"line":62,"column":20},"end":{"line":64,"column":7}},"line":62},"5":{"name":"(anonymous_5)","decl":{"start":{"line":66,"column":24},"end":{"line":66,"column":36}},"loc":{"start":{"line":66,"column":36},"end":{"line":112,"column":null}},"line":66},"6":{"name":"(anonymous_6)","decl":{"start":{"line":71,"column":20},"end":{"line":71,"column":21}},"loc":{"start":{"line":71,"column":30},"end":{"line":71,"column":72}},"line":71},"7":{"name":"(anonymous_7)","decl":{"start":{"line":76,"column":28},"end":{"line":76,"column":29}},"loc":{"start":{"line":76,"column":36},"end":{"line":76,"column":73}},"line":76},"8":{"name":"(anonymous_8)","decl":{"start":{"line":103,"column":24},"end":{"line":103,"column":25}},"loc":{"start":{"line":103,"column":34},"end":{"line":106,"column":13}},"line":103},"9":{"name":"(anonymous_9)","decl":{"start":{"line":114,"column":26},"end":{"line":114,"column":27}},"loc":{"start":{"line":114,"column":75},"end":{"line":119,"column":null}},"line":114},"10":{"name":"(anonymous_10)","decl":{"start":{"line":137,"column":25},"end":{"line":137,"column":26}},"loc":{"start":{"line":137,"column":32},"end":{"line":137,"column":null}},"line":137},"11":{"name":"(anonymous_11)","decl":{"start":{"line":190,"column":34},"end":{"line":190,"column":35}},"loc":{"start":{"line":191,"column":24},"end":{"line":220,"column":null}},"line":191},"12":{"name":"(anonymous_12)","decl":{"start":{"line":260,"column":38},"end":{"line":260,"column":39}},"loc":{"start":{"line":260,"column":45},"end":{"line":260,"column":null}},"line":260}},"branchMap":{"0":{"loc":{"start":{"line":26,"column":4},"end":{"line":26,"column":null}},"type":"default-arg","locations":[{"start":{"line":26,"column":19},"end":{"line":26,"column":null}}],"line":26},"1":{"loc":{"start":{"line":39,"column":8},"end":{"line":39,"column":null}},"type":"if","locations":[{"start":{"line":39,"column":8},"end":{"line":39,"column":null}},{"start":{},"end":{}}],"line":39},"2":{"loc":{"start":{"line":48,"column":12},"end":{"line":48,"column":null}},"type":"cond-expr","locations":[{"start":{"line":48,"column":58},"end":{"line":48,"column":67}},{"start":{"line":48,"column":67},"end":{"line":48,"column":null}}],"line":48},"3":{"loc":{"start":{"line":56,"column":8},"end":{"line":59,"column":null}},"type":"if","locations":[{"start":{"line":56,"column":8},"end":{"line":59,"column":null}},{"start":{},"end":{}}],"line":56},"4":{"loc":{"start":{"line":68,"column":8},"end":{"line":68,"column":null}},"type":"if","locations":[{"start":{"line":68,"column":8},"end":{"line":68,"column":null}},{"start":{},"end":{}}],"line":68},"5":{"loc":{"start":{"line":68,"column":12},"end":{"line":68,"column":30}},"type":"binary-expr","locations":[{"start":{"line":68,"column":12},"end":{"line":68,"column":21}},{"start":{"line":68,"column":21},"end":{"line":68,"column":30}}],"line":68},"6":{"loc":{"start":{"line":86,"column":26},"end":{"line":86,"column":null}},"type":"binary-expr","locations":[{"start":{"line":86,"column":26},"end":{"line":86,"column":34}},{"start":{"line":86,"column":34},"end":{"line":86,"column":null}}],"line":86},"7":{"loc":{"start":{"line":87,"column":29},"end":{"line":87,"column":null}},"type":"binary-expr","locations":[{"start":{"line":87,"column":29},"end":{"line":87,"column":44}},{"start":{"line":87,"column":44},"end":{"line":87,"column":null}}],"line":87},"8":{"loc":{"start":{"line":96,"column":12},"end":{"line":99,"column":null}},"type":"if","locations":[{"start":{"line":96,"column":12},"end":{"line":99,"column":null}},{"start":{},"end":{}}],"line":96},"9":{"loc":{"start":{"line":97,"column":25},"end":{"line":97,"column":63}},"type":"binary-expr","locations":[{"start":{"line":97,"column":25},"end":{"line":97,"column":39}},{"start":{"line":97,"column":39},"end":{"line":97,"column":63}}],"line":97},"10":{"loc":{"start":{"line":102,"column":16},"end":{"line":102,"column":null}},"type":"binary-expr","locations":[{"start":{"line":102,"column":16},"end":{"line":102,"column":55}},{"start":{"line":102,"column":55},"end":{"line":102,"column":null}}],"line":102},"11":{"loc":{"start":{"line":115,"column":8},"end":{"line":118,"column":null}},"type":"if","locations":[{"start":{"line":115,"column":8},"end":{"line":118,"column":null}},{"start":{},"end":{}}],"line":115},"12":{"loc":{"start":{"line":115,"column":12},"end":{"line":115,"column":46}},"type":"binary-expr","locations":[{"start":{"line":115,"column":12},"end":{"line":115,"column":33}},{"start":{"line":115,"column":33},"end":{"line":115,"column":46}}],"line":115},"13":{"loc":{"start":{"line":121,"column":4},"end":{"line":121,"column":null}},"type":"if","locations":[{"start":{"line":121,"column":4},"end":{"line":121,"column":null}},{"start":{},"end":{}}],"line":121},"14":{"loc":{"start":{"line":178,"column":21},"end":{"line":188,"column":null}},"type":"binary-expr","locations":[{"start":{"line":178,"column":21},"end":{"line":178,"column":null}},{"start":{"line":179,"column":24},"end":{"line":188,"column":null}}],"line":178},"15":{"loc":{"start":{"line":195,"column":32},"end":{"line":197,"column":null}},"type":"cond-expr","locations":[{"start":{"line":196,"column":38},"end":{"line":196,"column":null}},{"start":{"line":197,"column":38},"end":{"line":197,"column":null}}],"line":195},"16":{"loc":{"start":{"line":202,"column":36},"end":{"line":205,"column":null}},"type":"binary-expr","locations":[{"start":{"line":202,"column":36},"end":{"line":202,"column":62}},{"start":{"line":202,"column":62},"end":{"line":205,"column":null}}],"line":202},"17":{"loc":{"start":{"line":209,"column":33},"end":{"line":209,"column":null}},"type":"cond-expr","locations":[{"start":{"line":209,"column":53},"end":{"line":209,"column":61}},{"start":{"line":209,"column":61},"end":{"line":209,"column":null}}],"line":209},"18":{"loc":{"start":{"line":211,"column":29},"end":{"line":218,"column":null}},"type":"cond-expr","locations":[{"start":{"line":212,"column":32},"end":{"line":214,"column":null}},{"start":{"line":216,"column":32},"end":{"line":218,"column":null}}],"line":211},"19":{"loc":{"start":{"line":222,"column":21},"end":{"line":237,"column":null}},"type":"binary-expr","locations":[{"start":{"line":222,"column":21},"end":{"line":222,"column":null}},{"start":{"line":223,"column":24},"end":{"line":237,"column":null}}],"line":222},"20":{"loc":{"start":{"line":239,"column":21},"end":{"line":245,"column":null}},"type":"binary-expr","locations":[{"start":{"line":239,"column":21},"end":{"line":239,"column":null}},{"start":{"line":240,"column":24},"end":{"line":245,"column":null}}],"line":239},"21":{"loc":{"start":{"line":271,"column":38},"end":{"line":271,"column":null}},"type":"binary-expr","locations":[{"start":{"line":271,"column":38},"end":{"line":271,"column":49}},{"start":{"line":271,"column":49},"end":{"line":271,"column":null}}],"line":271},"22":{"loc":{"start":{"line":282,"column":29},"end":{"line":285,"column":null}},"type":"cond-expr","locations":[{"start":{"line":283,"column":32},"end":{"line":283,"column":null}},{"start":{"line":285,"column":32},"end":{"line":285,"column":null}}],"line":282}},"s":{"0":2,"1":2,"2":2,"3":55,"4":55,"5":55,"6":55,"7":55,"8":55,"9":55,"10":43,"11":43,"12":6,"13":37,"14":37,"15":37,"16":37,"17":55,"18":13,"19":55,"20":19,"21":13,"22":13,"23":55,"24":43,"25":55,"26":4,"27":4,"28":0,"29":4,"30":4,"31":4,"32":4,"33":4,"34":4,"35":0,"36":4,"37":4,"38":3,"39":3,"40":1,"41":1,"42":2,"43":4,"44":2,"45":1,"46":4,"47":55,"48":25,"49":0,"50":0,"51":55,"52":10,"53":45,"54":9,"55":10,"56":25},"f":{"0":55,"1":43,"2":13,"3":19,"4":43,"5":4,"6":4,"7":0,"8":2,"9":25,"10":9,"11":10,"12":25},"b":{"0":[55],"1":[6,37],"2":[0,37],"3":[13,6],"4":[0,4],"5":[4,4],"6":[4,4],"7":[4,3],"8":[1,2],"9":[1,0],"10":[2,0],"11":[0,25],"12":[25,0],"13":[10,45],"14":[45,37],"15":[8,2],"16":[10,2],"17":[8,2],"18":[2,8],"19":[55,4],"20":[55,2],"21":[55,41],"22":[4,41]},"meta":{"lastBranch":23,"lastFunction":13,"lastStatement":57,"seen":{"s:19:17:19:Infinity":0,"s:20:28:20:Infinity":1,"s:21:28:21:Infinity":2,"f:23:16:23:26":0,"b:26:19:26:Infinity":0,"s:30:32:30:Infinity":3,"s:31:26:31:Infinity":4,"s:32:30:32:Infinity":5,"s:33:26:33:Infinity":6,"s:34:10:34:Infinity":7,"s:35:10:35:Infinity":8,"s:37:24:49:Infinity":9,"f:37:24:37:30":1,"s:38:25:38:Infinity":10,"b:39:8:39:Infinity:undefined:undefined:undefined:undefined":1,"s:39:8:39:Infinity":11,"s:39:23:39:Infinity":12,"s:41:8:41:Infinity":13,"s:42:27:45:Infinity":14,"s:46:8:46:Infinity":15,"s:47:8:48:Infinity":16,"b:48:58:48:67:48:67:48:Infinity":2,"s:51:4:53:Infinity":17,"f:51:14:51:20":2,"s:52:8:52:Infinity":18,"s:55:4:60:Infinity":19,"f:55:14:55:20":3,"b:56:8:59:Infinity:undefined:undefined:undefined:undefined":3,"s:56:8:59:Infinity":20,"s:57:12:57:Infinity":21,"s:58:12:58:Infinity":22,"s:62:4:64:Infinity":23,"f:62:14:62:20":4,"s:63:8:63:Infinity":24,"s:66:24:112:Infinity":25,"f:66:24:66:36":5,"s:67:21:67:Infinity":26,"b:68:8:68:Infinity:undefined:undefined:undefined:undefined":4,"s:68:8:68:Infinity":27,"b:68:12:68:21:68:21:68:30":5,"s:68:30:68:Infinity":28,"s:70:8:70:Infinity":29,"s:71:8:71:Infinity":30,"f:71:20:71:21":6,"s:71:30:71:72":31,"s:72:8:72:Infinity":32,"s:73:8:73:Infinity":33,"s:75:29:78:Infinity":34,"f:76:28:76:29":7,"s:76:36:76:73":35,"s:80:8:111:Infinity":36,"s:81:24:89:Infinity":37,"b:86:26:86:34:86:34:86:Infinity":6,"b:87:29:87:44:87:44:87:Infinity":7,"s:91:26:91:Infinity":38,"b:96:12:99:Infinity:undefined:undefined:undefined:undefined":8,"s:96:12:99:Infinity":39,"s:97:16:97:Infinity":40,"b:97:25:97:39:97:39:97:63":9,"s:98:16:98:Infinity":41,"s:102:16:102:Infinity":42,"b:102:16:102:55:102:55:102:Infinity":10,"s:103:12:106:Infinity":43,"f:103:24:103:25":8,"s:103:34:106:13":44,"s:108:12:108:Infinity":45,"s:110:12:110:Infinity":46,"s:114:26:119:Infinity":47,"f:114:26:114:27":9,"b:115:8:118:Infinity:undefined:undefined:undefined:undefined":11,"s:115:8:118:Infinity":48,"b:115:12:115:33:115:33:115:46":12,"s:116:12:116:Infinity":49,"s:117:12:117:Infinity":50,"b:121:4:121:Infinity:undefined:undefined:undefined:undefined":13,"s:121:4:121:Infinity":51,"s:121:17:121:Infinity":52,"s:123:4:291:Infinity":53,"f:137:25:137:26":10,"s:137:32:137:Infinity":54,"b:178:21:178:Infinity:179:24:188:Infinity":14,"f:190:34:190:35":11,"s:191:24:220:Infinity":55,"b:196:38:196:Infinity:197:38:197:Infinity":15,"b:202:36:202:62:202:62:205:Infinity":16,"b:209:53:209:61:209:61:209:Infinity":17,"b:212:32:214:Infinity:216:32:218:Infinity":18,"b:222:21:222:Infinity:223:24:237:Infinity":19,"b:239:21:239:Infinity:240:24:245:Infinity":20,"f:260:38:260:39":12,"s:260:45:260:Infinity":56,"b:271:38:271:49:271:49:271:Infinity":21,"b:283:32:283:Infinity:285:32:285:Infinity":22}}}
,"/Users/Ruffio/Desktop/Developer/AI Hackathon Guide/src/components/SectionPanel.tsx": {"path":"/Users/Ruffio/Desktop/Developer/AI Hackathon Guide/src/components/SectionPanel.tsx","statementMap":{"0":{"start":{"line":7,"column":4},"end":{"line":7,"column":null}},"1":{"start":{"line":22,"column":34},"end":{"line":22,"column":null}},"2":{"start":{"line":23,"column":21},"end":{"line":23,"column":null}},"3":{"start":{"line":24,"column":25},"end":{"line":24,"column":null}},"4":{"start":{"line":25,"column":29},"end":{"line":25,"column":null}},"5":{"start":{"line":26,"column":22},"end":{"line":28,"column":null}},"6":{"start":{"line":29,"column":22},"end":{"line":29,"column":null}},"7":{"start":{"line":31,"column":23},"end":{"line":31,"column":null}},"8":{"start":{"line":33,"column":28},"end":{"line":33,"column":null}},"9":{"start":{"line":35,"column":8},"end":{"line":41,"column":null}},"10":{"start":{"line":43,"column":31},"end":{"line":49,"column":null}},"11":{"start":{"line":46,"column":8},"end":{"line":48,"column":null}},"12":{"start":{"line":47,"column":12},"end":{"line":47,"column":null}},"13":{"start":{"line":51,"column":31},"end":{"line":57,"column":null}},"14":{"start":{"line":54,"column":8},"end":{"line":56,"column":null}},"15":{"start":{"line":55,"column":12},"end":{"line":55,"column":null}},"16":{"start":{"line":59,"column":30},"end":{"line":65,"column":null}},"17":{"start":{"line":62,"column":8},"end":{"line":64,"column":null}},"18":{"start":{"line":63,"column":12},"end":{"line":63,"column":null}},"19":{"start":{"line":67,"column":28},"end":{"line":71,"column":null}},"20":{"start":{"line":68,"column":8},"end":{"line":70,"column":null}},"21":{"start":{"line":69,"column":12},"end":{"line":69,"column":null}},"22":{"start":{"line":73,"column":4},"end":{"line":170,"column":null}}},"fnMap":{"0":{"name":"SectionPanel","decl":{"start":{"line":16,"column":16},"end":{"line":16,"column":29}},"loc":{"start":{"line":21,"column":22},"end":{"line":172,"column":null}},"line":21},"1":{"name":"(anonymous_1)","decl":{"start":{"line":43,"column":31},"end":{"line":43,"column":null}},"loc":{"start":{"line":45,"column":9},"end":{"line":49,"column":null}},"line":45},"2":{"name":"(anonymous_2)","decl":{"start":{"line":51,"column":31},"end":{"line":51,"column":null}},"loc":{"start":{"line":53,"column":9},"end":{"line":57,"column":null}},"line":53},"3":{"name":"(anonymous_3)","decl":{"start":{"line":59,"column":30},"end":{"line":59,"column":null}},"loc":{"start":{"line":61,"column":9},"end":{"line":65,"column":null}},"line":61},"4":{"name":"(anonymous_4)","decl":{"start":{"line":67,"column":28},"end":{"line":67,"column":29}},"loc":{"start":{"line":67,"column":75},"end":{"line":71,"column":null}},"line":67}},"branchMap":{"0":{"loc":{"start":{"line":24,"column":25},"end":{"line":24,"column":null}},"type":"binary-expr","locations":[{"start":{"line":24,"column":25},"end":{"line":24,"column":49}},{"start":{"line":24,"column":49},"end":{"line":24,"column":null}}],"line":24},"1":{"loc":{"start":{"line":25,"column":29},"end":{"line":25,"column":null}},"type":"binary-expr","locations":[{"start":{"line":25,"column":29},"end":{"line":25,"column":42}},{"start":{"line":25,"column":42},"end":{"line":25,"column":null}}],"line":25},"2":{"loc":{"start":{"line":26,"column":22},"end":{"line":28,"column":null}},"type":"cond-expr","locations":[{"start":{"line":27,"column":10},"end":{"line":27,"column":null}},{"start":{"line":28,"column":10},"end":{"line":28,"column":null}}],"line":26},"3":{"loc":{"start":{"line":29,"column":22},"end":{"line":29,"column":null}},"type":"cond-expr","locations":[{"start":{"line":29,"column":41},"end":{"line":29,"column":57}},{"start":{"line":29,"column":57},"end":{"line":29,"column":null}}],"line":29},"4":{"loc":{"start":{"line":33,"column":28},"end":{"line":33,"column":null}},"type":"binary-expr","locations":[{"start":{"line":33,"column":28},"end":{"line":33,"column":43}},{"start":{"line":33,"column":43},"end":{"line":33,"column":null}}],"line":33},"5":{"loc":{"start":{"line":35,"column":8},"end":{"line":41,"column":null}},"type":"cond-expr","locations":[{"start":{"line":36,"column":14},"end":{"line":36,"column":null}},{"start":{"line":37,"column":14},"end":{"line":41,"column":null}}],"line":35},"6":{"loc":{"start":{"line":35,"column":8},"end":{"line":35,"column":null}},"type":"binary-expr","locations":[{"start":{"line":35,"column":8},"end":{"line":35,"column":27}},{"start":{"line":35,"column":27},"end":{"line":35,"column":null}}],"line":35},"7":{"loc":{"start":{"line":37,"column":14},"end":{"line":41,"column":null}},"type":"cond-expr","locations":[{"start":{"line":38,"column":16},"end":{"line":38,"column":null}},{"start":{"line":39,"column":16},"end":{"line":41,"column":null}}],"line":37},"8":{"loc":{"start":{"line":39,"column":16},"end":{"line":41,"column":null}},"type":"cond-expr","locations":[{"start":{"line":40,"column":18},"end":{"line":40,"column":null}},{"start":{"line":41,"column":18},"end":{"line":41,"column":null}}],"line":39},"9":{"loc":{"start":{"line":46,"column":8},"end":{"line":48,"column":null}},"type":"if","locations":[{"start":{"line":46,"column":8},"end":{"line":48,"column":null}},{"start":{},"end":{}}],"line":46},"10":{"loc":{"start":{"line":54,"column":8},"end":{"line":56,"column":null}},"type":"if","locations":[{"start":{"line":54,"column":8},"end":{"line":56,"column":null}},{"start":{},"end":{}}],"line":54},"11":{"loc":{"start":{"line":62,"column":8},"end":{"line":64,"column":null}},"type":"if","locations":[{"start":{"line":62,"column":8},"end":{"line":64,"column":null}},{"start":{},"end":{}}],"line":62},"12":{"loc":{"start":{"line":68,"column":8},"end":{"line":70,"column":null}},"type":"if","locations":[{"start":{"line":68,"column":8},"end":{"line":70,"column":null}},{"start":{},"end":{}}],"line":68},"13":{"loc":{"start":{"line":77,"column":16},"end":{"line":77,"column":null}},"type":"binary-expr","locations":[{"start":{"line":77,"column":16},"end":{"line":77,"column":31}},{"start":{"line":77,"column":31},"end":{"line":77,"column":41}},{"start":{"line":77,"column":41},"end":{"line":77,"column":null}}],"line":77},"14":{"loc":{"start":{"line":80,"column":33},"end":{"line":84,"column":null}},"type":"cond-expr","locations":[{"start":{"line":81,"column":22},"end":{"line":81,"column":null}},{"start":{"line":82,"column":22},"end":{"line":84,"column":null}}],"line":80},"15":{"loc":{"start":{"line":82,"column":22},"end":{"line":84,"column":null}},"type":"cond-expr","locations":[{"start":{"line":83,"column":24},"end":{"line":83,"column":null}},{"start":{"line":84,"column":24},"end":{"line":84,"column":null}}],"line":82},"16":{"loc":{"start":{"line":82,"column":22},"end":{"line":82,"column":null}},"type":"binary-expr","locations":[{"start":{"line":82,"column":22},"end":{"line":82,"column":35}},{"start":{"line":82,"column":35},"end":{"line":82,"column":null}}],"line":82},"17":{"loc":{"start":{"line":85,"column":29},"end":{"line":89,"column":null}},"type":"cond-expr","locations":[{"start":{"line":86,"column":22},"end":{"line":86,"column":null}},{"start":{"line":87,"column":22},"end":{"line":89,"column":null}}],"line":85},"18":{"loc":{"start":{"line":87,"column":22},"end":{"line":89,"column":null}},"type":"cond-expr","locations":[{"start":{"line":88,"column":24},"end":{"line":88,"column":null}},{"start":{"line":89,"column":24},"end":{"line":89,"column":null}}],"line":87},"19":{"loc":{"start":{"line":87,"column":22},"end":{"line":87,"column":null}},"type":"binary-expr","locations":[{"start":{"line":87,"column":22},"end":{"line":87,"column":35}},{"start":{"line":87,"column":35},"end":{"line":87,"column":null}}],"line":87},"20":{"loc":{"start":{"line":91,"column":27},"end":{"line":93,"column":null}},"type":"cond-expr","locations":[{"start":{"line":92,"column":22},"end":{"line":92,"column":null}},{"start":{"line":93,"column":22},"end":{"line":93,"column":null}}],"line":91},"21":{"loc":{"start":{"line":101,"column":13},"end":{"line":141,"column":null}},"type":"binary-expr","locations":[{"start":{"line":101,"column":13},"end":{"line":101,"column":null}},{"start":{"line":102,"column":16},"end":{"line":141,"column":null}}],"line":101},"22":{"loc":{"start":{"line":107,"column":28},"end":{"line":109,"column":null}},"type":"cond-expr","locations":[{"start":{"line":108,"column":34},"end":{"line":108,"column":null}},{"start":{"line":109,"column":34},"end":{"line":109,"column":null}}],"line":107},"23":{"loc":{"start":{"line":107,"column":28},"end":{"line":107,"column":null}},"type":"binary-expr","locations":[{"start":{"line":107,"column":28},"end":{"line":107,"column":41}},{"start":{"line":107,"column":41},"end":{"line":107,"column":null}}],"line":107},"24":{"loc":{"start":{"line":121,"column":29},"end":{"line":121,"column":null}},"type":"cond-expr","locations":[{"start":{"line":121,"column":47},"end":{"line":121,"column":53}},{"start":{"line":121,"column":53},"end":{"line":121,"column":null}}],"line":121},"25":{"loc":{"start":{"line":135,"column":25},"end":{"line":138,"column":null}},"type":"cond-expr","locations":[{"start":{"line":136,"column":28},"end":{"line":136,"column":null}},{"start":{"line":138,"column":28},"end":{"line":138,"column":null}}],"line":135},"26":{"loc":{"start":{"line":147,"column":20},"end":{"line":151,"column":null}},"type":"cond-expr","locations":[{"start":{"line":148,"column":26},"end":{"line":148,"column":null}},{"start":{"line":149,"column":26},"end":{"line":151,"column":null}}],"line":147},"27":{"loc":{"start":{"line":149,"column":26},"end":{"line":151,"column":null}},"type":"cond-expr","locations":[{"start":{"line":150,"column":28},"end":{"line":150,"column":null}},{"start":{"line":151,"column":28},"end":{"line":151,"column":null}}],"line":149},"28":{"loc":{"start":{"line":155,"column":24},"end":{"line":157,"column":null}},"type":"cond-expr","locations":[{"start":{"line":156,"column":30},"end":{"line":156,"column":null}},{"start":{"line":157,"column":30},"end":{"line":157,"column":null}}],"line":155},"29":{"loc":{"start":{"line":155,"column":24},"end":{"line":155,"column":null}},"type":"binary-expr","locations":[{"start":{"line":155,"column":24},"end":{"line":155,"column":38}},{"start":{"line":155,"column":38},"end":{"line":155,"column":null}}],"line":155}},"s":{"0":2,"1":56,"2":56,"3":56,"4":56,"5":56,"6":56,"7":56,"8":56,"9":56,"10":56,"11":2,"12":2,"13":56,"14":1,"15":0,"16":56,"17":3,"18":1,"19":56,"20":3,"21":1,"22":56},"f":{"0":56,"1":2,"2":1,"3":3,"4":3},"b":{"0":[56,56],"1":[56,0],"2":[0,56],"3":[0,56],"4":[56,56],"5":[1,55],"6":[56,9],"7":[8,47],"8":[3,44],"9":[2,0],"10":[0,1],"11":[1,2],"12":[1,2],"13":[56,56,9],"14":[0,56],"15":[12,44],"16":[56,52],"17":[0,56],"18":[12,44],"19":[56,52],"20":[4,52],"21":[56,56],"22":[12,44],"23":[56,52],"24":[25,31],"25":[9,47],"26":[0,56],"27":[9,47],"28":[9,47],"29":[56,56]},"meta":{"lastBranch":30,"lastFunction":5,"lastStatement":23,"seen":{"s:7:4:7:Infinity":0,"f:16:16:16:29":0,"s:22:34:22:Infinity":1,"s:23:21:23:Infinity":2,"s:24:25:24:Infinity":3,"b:24:25:24:49:24:49:24:Infinity":0,"s:25:29:25:Infinity":4,"b:25:29:25:42:25:42:25:Infinity":1,"s:26:22:28:Infinity":5,"b:27:10:27:Infinity:28:10:28:Infinity":2,"s:29:22:29:Infinity":6,"b:29:41:29:57:29:57:29:Infinity":3,"s:31:23:31:Infinity":7,"s:33:28:33:Infinity":8,"b:33:28:33:43:33:43:33:Infinity":4,"s:35:8:41:Infinity":9,"b:36:14:36:Infinity:37:14:41:Infinity":5,"b:35:8:35:27:35:27:35:Infinity":6,"b:38:16:38:Infinity:39:16:41:Infinity":7,"b:40:18:40:Infinity:41:18:41:Infinity":8,"s:43:31:49:Infinity":10,"f:43:31:43:Infinity":1,"b:46:8:48:Infinity:undefined:undefined:undefined:undefined":9,"s:46:8:48:Infinity":11,"s:47:12:47:Infinity":12,"s:51:31:57:Infinity":13,"f:51:31:51:Infinity":2,"b:54:8:56:Infinity:undefined:undefined:undefined:undefined":10,"s:54:8:56:Infinity":14,"s:55:12:55:Infinity":15,"s:59:30:65:Infinity":16,"f:59:30:59:Infinity":3,"b:62:8:64:Infinity:undefined:undefined:undefined:undefined":11,"s:62:8:64:Infinity":17,"s:63:12:63:Infinity":18,"s:67:28:71:Infinity":19,"f:67:28:67:29":4,"b:68:8:70:Infinity:undefined:undefined:undefined:undefined":12,"s:68:8:70:Infinity":20,"s:69:12:69:Infinity":21,"s:73:4:170:Infinity":22,"b:77:16:77:31:77:31:77:41:77:41:77:Infinity":13,"b:81:22:81:Infinity:82:22:84:Infinity":14,"b:83:24:83:Infinity:84:24:84:Infinity":15,"b:82:22:82:35:82:35:82:Infinity":16,"b:86:22:86:Infinity:87:22:89:Infinity":17,"b:88:24:88:Infinity:89:24:89:Infinity":18,"b:87:22:87:35:87:35:87:Infinity":19,"b:92:22:92:Infinity:93:22:93:Infinity":20,"b:101:13:101:Infinity:102:16:141:Infinity":21,"b:108:34:108:Infinity:109:34:109:Infinity":22,"b:107:28:107:41:107:41:107:Infinity":23,"b:121:47:121:53:121:53:121:Infinity":24,"b:136:28:136:Infinity:138:28:138:Infinity":25,"b:148:26:148:Infinity:149:26:151:Infinity":26,"b:150:28:150:Infinity:151:28:151:Infinity":27,"b:156:30:156:Infinity:157:30:157:Infinity":28,"b:155:24:155:38:155:38:155:Infinity":29}}}
,"/Users/Ruffio/Desktop/Developer/AI Hackathon Guide/src/components/ToolCard.tsx": {"path":"/Users/Ruffio/Desktop/Developer/AI Hackathon Guide/src/components/ToolCard.tsx","statementMap":{"0":{"start":{"line":18,"column":48},"end":{"line":18,"column":null}},"1":{"start":{"line":20,"column":8},"end":{"line":20,"column":null}},"2":{"start":{"line":21,"column":23},"end":{"line":21,"column":null}},"3":{"start":{"line":22,"column":26},"end":{"line":24,"column":null}},"4":{"start":{"line":23,"column":29},"end":{"line":23,"column":null}},"5":{"start":{"line":26,"column":4},"end":{"line":183,"column":null}},"6":{"start":{"line":68,"column":35},"end":{"line":68,"column":null}},"7":{"start":{"line":159,"column":24},"end":{"line":179,"column":null}},"8":{"start":{"line":165,"column":36},"end":{"line":176,"column":null}}},"fnMap":{"0":{"name":"ToolCard","decl":{"start":{"line":13,"column":16},"end":{"line":13,"column":25}},"loc":{"start":{"line":17,"column":18},"end":{"line":185,"column":null}},"line":17},"1":{"name":"(anonymous_1)","decl":{"start":{"line":23,"column":10},"end":{"line":23,"column":11}},"loc":{"start":{"line":23,"column":29},"end":{"line":23,"column":null}},"line":23},"2":{"name":"(anonymous_2)","decl":{"start":{"line":68,"column":29},"end":{"line":68,"column":35}},"loc":{"start":{"line":68,"column":35},"end":{"line":68,"column":null}},"line":68},"3":{"name":"(anonymous_3)","decl":{"start":{"line":158,"column":47},"end":{"line":158,"column":48}},"loc":{"start":{"line":159,"column":24},"end":{"line":179,"column":null}},"line":159},"4":{"name":"(anonymous_4)","decl":{"start":{"line":164,"column":51},"end":{"line":164,"column":52}},"loc":{"start":{"line":165,"column":36},"end":{"line":176,"column":null}},"line":165}},"branchMap":{"0":{"loc":{"start":{"line":20,"column":8},"end":{"line":20,"column":null}},"type":"binary-expr","locations":[{"start":{"line":20,"column":8},"end":{"line":20,"column":44}},{"start":{"line":20,"column":44},"end":{"line":20,"column":null}}],"line":20},"1":{"loc":{"start":{"line":21,"column":23},"end":{"line":21,"column":null}},"type":"cond-expr","locations":[{"start":{"line":21,"column":38},"end":{"line":21,"column":59}},{"start":{"line":21,"column":59},"end":{"line":21,"column":null}}],"line":21},"2":{"loc":{"start":{"line":22,"column":26},"end":{"line":24,"column":null}},"type":"cond-expr","locations":[{"start":{"line":23,"column":10},"end":{"line":23,"column":null}},{"start":{"line":24,"column":10},"end":{"line":24,"column":null}}],"line":22},"3":{"loc":{"start":{"line":38,"column":21},"end":{"line":55,"column":null}},"type":"cond-expr","locations":[{"start":{"line":39,"column":24},"end":{"line":44,"column":null}},{"start":{"line":46,"column":24},"end":{"line":55,"column":null}}],"line":38},"4":{"loc":{"start":{"line":72,"column":27},"end":{"line":72,"column":72}},"type":"cond-expr","locations":[{"start":{"line":72,"column":40},"end":{"line":72,"column":57}},{"start":{"line":72,"column":57},"end":{"line":72,"column":72}}],"line":72},"5":{"loc":{"start":{"line":73,"column":21},"end":{"line":76,"column":null}},"type":"cond-expr","locations":[{"start":{"line":74,"column":24},"end":{"line":74,"column":null}},{"start":{"line":76,"column":24},"end":{"line":76,"column":null}}],"line":73},"6":{"loc":{"start":{"line":84,"column":20},"end":{"line":88,"column":null}},"type":"cond-expr","locations":[{"start":{"line":85,"column":26},"end":{"line":87,"column":null}},{"start":{"line":88,"column":26},"end":{"line":88,"column":null}}],"line":84},"7":{"loc":{"start":{"line":85,"column":26},"end":{"line":87,"column":null}},"type":"cond-expr","locations":[{"start":{"line":86,"column":30},"end":{"line":86,"column":null}},{"start":{"line":87,"column":30},"end":{"line":87,"column":null}}],"line":85},"8":{"loc":{"start":{"line":85,"column":26},"end":{"line":85,"column":null}},"type":"binary-expr","locations":[{"start":{"line":85,"column":26},"end":{"line":85,"column":58}},{"start":{"line":85,"column":58},"end":{"line":85,"column":null}}],"line":85},"9":{"loc":{"start":{"line":92,"column":29},"end":{"line":92,"column":null}},"type":"cond-expr","locations":[{"start":{"line":92,"column":42},"end":{"line":92,"column":46}},{"start":{"line":92,"column":46},"end":{"line":92,"column":null}}],"line":92},"10":{"loc":{"start":{"line":99,"column":21},"end":{"line":113,"column":null}},"type":"binary-expr","locations":[{"start":{"line":99,"column":21},"end":{"line":99,"column":null}},{"start":{"line":100,"column":24},"end":{"line":113,"column":null}}],"line":99},"11":{"loc":{"start":{"line":116,"column":21},"end":{"line":155,"column":null}},"type":"binary-expr","locations":[{"start":{"line":116,"column":21},"end":{"line":116,"column":null}},{"start":{"line":117,"column":24},"end":{"line":155,"column":null}}],"line":116},"12":{"loc":{"start":{"line":143,"column":29},"end":{"line":153,"column":null}},"type":"binary-expr","locations":[{"start":{"line":143,"column":29},"end":{"line":143,"column":null}},{"start":{"line":144,"column":32},"end":{"line":153,"column":null}}],"line":143}},"s":{"0":71,"1":71,"2":71,"3":71,"4":1,"5":71,"6":3,"7":152,"8":304},"f":{"0":71,"1":1,"2":3,"3":152,"4":304},"b":{"0":[71,67],"1":[67,4],"2":[1,4],"3":[0,71],"4":[68,3],"5":[68,3],"6":[68,3],"7":[48,20],"8":[68,20],"9":[68,3],"10":[71,48],"11":[71,48],"12":[48,48]},"meta":{"lastBranch":13,"lastFunction":5,"lastStatement":9,"seen":{"f:13:16:13:25":0,"s:18:48:18:Infinity":0,"s:20:8:20:Infinity":1,"b:20:8:20:44:20:44:20:Infinity":0,"s:21:23:21:Infinity":2,"b:21:38:21:59:21:59:21:Infinity":1,"s:22:26:24:Infinity":3,"b:23:10:23:Infinity:24:10:24:Infinity":2,"f:23:10:23:11":1,"s:23:29:23:Infinity":4,"s:26:4:183:Infinity":5,"b:39:24:44:Infinity:46:24:55:Infinity":3,"f:68:29:68:35":2,"s:68:35:68:Infinity":6,"b:72:40:72:57:72:57:72:72":4,"b:74:24:74:Infinity:76:24:76:Infinity":5,"b:85:26:87:Infinity:88:26:88:Infinity":6,"b:86:30:86:Infinity:87:30:87:Infinity":7,"b:85:26:85:58:85:58:85:Infinity":8,"b:92:42:92:46:92:46:92:Infinity":9,"b:99:21:99:Infinity:100:24:113:Infinity":10,"b:116:21:116:Infinity:117:24:155:Infinity":11,"b:143:29:143:Infinity:144:32:153:Infinity":12,"f:158:47:158:48":3,"s:159:24:179:Infinity":7,"f:164:51:164:52":4,"s:165:36:176:Infinity":8}}}
[...]
"end":{"line":127,"column":null}},"83":{"start":{"line":130,"column":25},"end":{"line":150,"column":null}},"84":{"start":{"line":131,"column":4},"end":{"line":131,"column":null}},"85":{"start":{"line":131,"column":21},"end":{"line":131,"column":null}},"86":{"start":{"line":133,"column":18},"end":{"line":133,"column":null}},"87":{"start":{"line":134,"column":4},"end":{"line":134,"column":null}},"88":{"start":{"line":135,"column":4},"end":{"line":135,"column":null}},"89":{"start":{"line":135,"column":53},"end":{"line":135,"column":null}},"90":{"start":{"line":137,"column":18},"end":{"line":137,"column":null}},"91":{"start":{"line":138,"column":19},"end":{"line":138,"column":null}},"92":{"start":{"line":139,"column":19},"end":{"line":139,"column":null}},"93":{"start":{"line":140,"column":17},"end":{"line":140,"column":null}},"94":{"start":{"line":141,"column":17},"end":{"line":141,"column":null}},"95":{"start":{"line":143,"column":4},"end":{"line":143,"column":null}},"96":{"start":{"line":143,"column":49},"end":{"line":143,"column":null}},"97":{"start":{"line":145,"column":4},"end":{"line":149,"column":null}},"98":{"start":{"line":146,"column":6},"end":{"line":146,"column":null}},"99":{"start":{"line":148,"column":6},"end":{"line":148,"column":null}},"100":{"start":{"line":152,"column":46},"end":{"line":156,"column":null}},"101":{"start":{"line":159,"column":4},"end":{"line":167,"column":null}},"102":{"start":{"line":169,"column":2},"end":{"line":273,"column":null}},"103":{"start":{"line":216,"column":16},"end":{"line":229,"column":null}},"104":{"start":{"line":219,"column":33},"end":{"line":219,"column":null}},"105":{"start":{"line":253,"column":12},"end":{"line":266,"column":null}},"106":{"start":{"line":256,"column":29},"end":{"line":256,"column":null}}},"fnMap":{"0":{"name":"ToolCarousel","decl":{"start":{"line":17,"column":16},"end":{"line":17,"column":29}},"loc":{"start":{"line":17,"column":82},"end":{"line":275,"column":null}},"line":17},"1":{"name":"(anonymous_1)","decl":{"start":{"line":19,"column":51},"end":{"line":19,"column":57}},"loc":{"start":{"line":19,"column":57},"end":{"line":22,"column":3}},"line":19},"2":{"name":"(anonymous_2)","decl":{"start":{"line":36,"column":12},"end":{"line":36,"column":18}},"loc":{"start":{"line":36,"column":18},"end":{"line":50,"column":5}},"line":36},"3":{"name":"(anonymous_3)","decl":{"start":{"line":39,"column":36},"end":{"line":39,"column":42}},"loc":{"start":{"line":39,"column":42},"end":{"line":47,"column":7}},"line":39},"4":{"name":"(anonymous_4)","decl":{"start":{"line":49,"column":11},"end":{"line":49,"column":17}},"loc":{"start":{"line":49,"column":17},"end":{"line":49,"column":null}},"line":49},"5":{"name":"(anonymous_5)","decl":{"start":{"line":52,"column":12},"end":{"line":52,"column":18}},"loc":{"start":{"line":52,"column":18},"end":{"line":61,"column":5}},"line":52},"6":{"name":"(anonymous_6)","decl":{"start":{"line":55,"column":36},"end":{"line":55,"column":42}},"loc":{"start":{"line":55,"column":42},"end":{"line":58,"column":7}},"line":55},"7":{"name":"(anonymous_7)","decl":{"start":{"line":60,"column":11},"end":{"line":60,"column":17}},"loc":{"start":{"line":60,"column":17},"end":{"line":60,"column":null}},"line":60},"8":{"name":"(anonymous_8)","decl":{"start":{"line":64,"column":12},"end":{"line":64,"column":18}},"loc":{"start":{"line":64,"column":18},"end":{"line":73,"column":5}},"line":64},"9":{"name":"(anonymous_9)","decl":{"start":{"line":68,"column":39},"end":{"line":68,"column":45}},"loc":{"start":{"line":68,"column":45},"end":{"line":70,"column":7}},"line":68},"10":{"name":"(anonymous_10)","decl":{"start":{"line":71,"column":13},"end":{"line":71,"column":19}},"loc":{"start":{"line":71,"column":19},"end":{"line":71,"column":null}},"line":71},"11":{"name":"(anonymous_11)","decl":{"start":{"line":85,"column":21},"end":{"line":85,"column":22}},"loc":{"start":{"line":85,"column":44},"end":{"line":94,"column":null}},"line":85},"12":{"name":"(anonymous_12)","decl":{"start":{"line":96,"column":17},"end":{"line":96,"column":23}},"loc":{"start":{"line":96,"column":23},"end":{"line":98,"column":null}},"line":96},"13":{"name":"(anonymous_13)","decl":{"start":{"line":100,"column":17},"end":{"line":100,"column":23}},"loc":{"start":{"line":100,"column":23},"end":{"line":102,"column":null}},"line":100},"14":{"name":"(anonymous_14)","decl":{"start":{"line":104,"column":24},"end":{"line":104,"column":25}},"loc":{"start":{"line":104,"column":72},"end":{"line":118,"column":null}},"line":104},"15":{"name":"(anonymous_15)","decl":{"start":{"line":116,"column":22},"end":{"line":116,"column":23}},"loc":{"start":{"line":116,"column":32},"end":{"line":116,"column":37}},"line":116},"16":{"name":"(anonymous_16)","decl":{"start":{"line":120,"column":27},"end":{"line":120,"column":28}},"loc":{"start":{"line":120,"column":72},"end":{"line":128,"column":null}},"line":120},"17":{"name":"(anonymous_17)","decl":{"start":{"line":130,"column":25},"end":{"line":130,"column":26}},"loc":{"start":{"line":130,"column":70},"end":{"line":150,"column":null}},"line":130},"18":{"name":"(anonymous_18)","decl":{"start":{"line":215,"column":25},"end":{"line":215,"column":26}},"loc":{"start":{"line":216,"column":16},"end":{"line":229,"column":null}},"line":216},"19":{"name":"(anonymous_19)","decl":{"start":{"line":219,"column":27},"end":{"line":219,"column":33}},"loc":{"start":{"line":219,"column":33},"end":{"line":219,"column":null}},"line":219},"20":{"name":"(anonymous_20)","decl":{"start":{"line":252,"column":21},"end":{"line":252,"column":22}},"loc":{"start":{"line":253,"column":12},"end":{"line":266,"column":null}},"line":253},"21":{"name":"(anonymous_21)","decl":{"start":{"line":256,"column":23},"end":{"line":256,"column":29}},"loc":{"start":{"line":256,"column":29},"end":{"line":256,"column":null}},"line":256}},"branchMap":{"0":{"loc":{"start":{"line":17,"column":38},"end":{"line":17,"column":60}},"type":"default-arg","locations":[{"start":{"line":17,"column":54},"end":{"line":17,"column":60}}],"line":17},"1":{"loc":{"start":{"line":20,"column":4},"end":{"line":20,"column":null}},"type":"if","locations":[{"start":{"line":20,"column":4},"end":{"line":20,"column":null}},{"start":{},"end":{}}],"line":20},"2":{"loc":{"start":{"line":30,"column":22},"end":{"line":30,"column":null}},"type":"cond-expr","locations":[{"start":{"line":30,"column":40},"end":{"line":30,"column":44}},{"start":{"line":30,"column":44},"end":{"line":30,"column":null}}],"line":30},"3":{"loc":{"start":{"line":37,"column":4},"end":{"line":37,"column":null}},"type":"if","locations":[{"start":{"line":37,"column":4},"end":{"line":37,"column":null}},{"start":{},"end":{}}],"line":37},"4":{"loc":{"start":{"line":40,"column":6},"end":{"line":43,"column":null}},"type":"if","locations":[{"start":{"line":40,"column":6},"end":{"line":43,"column":null}},{"start":{},"end":{}}],"line":40},"5":{"loc":{"start":{"line":53,"column":4},"end":{"line":53,"column":null}},"type":"if","locations":[{"start":{"line":53,"column":4},"end":{"line":53,"column":null}},{"start":{},"end":{}}],"line":53},"6":{"loc":{"start":{"line":65,"column":23},"end":{"line":65,"column":null}},"type":"binary-expr","locations":[{"start":{"line":65,"column":23},"end":{"line":65,"column":40}},{"start":{"line":65,"column":40},"end":{"line":65,"column":null}}],"line":65},"7":{"loc":{"start":{"line":67,"column":4},"end":{"line":72,"column":null}},"type":"if","locations":[{"start":{"line":67,"column":4},"end":{"line":72,"column":null}},{"start":{},"end":{}}],"line":67},"8":{"loc":{"start":{"line":75,"column":2},"end":{"line":81,"column":null}},"type":"if","locations":[{"start":{"line":75,"column":2},"end":{"line":81,"column":null}},{"start":{},"end":{}}],"line":75},"9":{"loc":{"start":{"line":86,"column":4},"end":{"line":86,"column":null}},"type":"if","locations":[{"start":{"line":86,"column":4},"end":{"line":86,"column":null}},{"start":{},"end":{}}],"line":86},"10":{"loc":{"start":{"line":89,"column":4},"end":{"line":89,"column":null}},"type":"if","locations":[{"start":{"line":89,"column":4},"end":{"line":89,"column":null}},{"start":{},"end":{}}],"line":89},"11":{"loc":{"start":{"line":91,"column":22},"end":{"line":91,"column":52}},"type":"cond-expr","locations":[{"start":{"line":91,"column":46},"end":{"line":91,"column":50}},{"start":{"line":91,"column":50},"end":{"line":91,"column":52}}],"line":91},"12":{"loc":{"start":{"line":106,"column":4},"end":{"line":106,"column":null}},"type":"if","locations":[{"start":{"line":106,"column":4},"end":{"line":106,"column":null}},{"start":{},"end":{}}],"line":106},"13":{"loc":{"start":{"line":108,"column":4},"end":{"line":117,"column":null}},"type":"if","locations":[{"start":{"line":108,"column":4},"end":{"line":117,"column":null}},{"start":{"line":111,"column":4},"end":{"line":117,"column":null}}],"line":108},"14":{"loc":{"start":{"line":111,"column":4},"end":{"line":117,"column":null}},"type":"if","locations":[{"start":{"line":111,"column":4},"end":{"line":117,"column":null}},{"start":{"line":114,"column":4},"end":{"line":117,"column":null}}],"line":111},"15":{"loc":{"start":{"line":114,"column":4},"end":{"line":117,"column":null}},"type":"if","locations":[{"start":{"line":114,"column":4},"end":{"line":117,"column":null}},{"start":{},"end":{}}],"line":114},"16":{"loc":{"start":{"line":121,"column":4},"end":{"line":124,"column":null}},"type":"if","locations":[{"start":{"line":121,"column":4},"end":{"line":124,"column":null}},{"start":{},"end":{}}],"line":121},"17":{"loc":{"start":{"line":131,"column":4},"end":{"line":131,"column":null}},"type":"if","locations":[{"start":{"line":131,"column":4},"end":{"line":131,"column":null}},{"start":{},"end":{}}],"line":131},"18":{"loc":{"start":{"line":135,"column":4},"end":{"line":135,"column":null}},"type":"if","locations":[{"start":{"line":135,"column":4},"end":{"line":135,"column":null}},{"start":{},"end":{}}],"line":135},"19":{"loc":{"start":{"line":135,"column":8},"end":{"line":135,"column":53}},"type":"binary-expr","locations":[{"start":{"line":135,"column":8},"end":{"line":135,"column":18}},{"start":{"line":135,"column":18},"end":{"line":135,"column":53}}],"line":135},"20":{"loc":{"start":{"line":143,"column":4},"end":{"line":143,"column":null}},"type":"if","locations":[{"start":{"line":143,"column":4},"end":{"line":143,"column":null}},{"start":{},"end":{}}],"line":143},"21":{"loc":{"start":{"line":143,"column":8},"end":{"line":143,"column":49}},"type":"binary-expr","locations":[{"start":{"line":143,"column":8},"end":{"line":143,"column":35}},{"start":{"line":143,"column":35},"end":{"line":143,"column":49}}],"line":143},"22":{"loc":{"start":{"line":145,"column":4},"end":{"line":149,"column":null}},"type":"if","locations":[{"start":{"line":145,"column":4},"end":{"line":149,"column":null}},{"start":{"line":147,"column":11},"end":{"line":149,"column":null}}],"line":145},"23":{"loc":{"start":{"line":159,"column":4},"end":{"line":167,"column":null}},"type":"cond-expr","locations":[{"start":{"line":160,"column":8},"end":{"line":162,"column":null}},{"start":{"line":163,"column":8},"end":{"line":167,"column":null}}],"line":159},"24":{"loc":{"start":{"line":160,"column":8},"end":{"line":162,"column":null}},"type":"cond-expr","locations":[{"start":{"line":161,"column":10},"end":{"line":161,"column":null}},{"start":{"line":162,"column":10},"end":{"line":162,"column":null}}],"line":160},"25":{"loc":{"start":{"line":163,"column":8},"end":{"line":167,"column":null}},"type":"cond-expr","locations":[{"start":{"line":164,"column":10},"end":{"line":166,"column":null}},{"start":{"line":167,"column":10},"end":{"line":167,"column":null}}],"line":163},"26":{"loc":{"start":{"line":164,"column":10},"end":{"line":166,"column":null}},"type":"cond-expr","locations":[{"start":{"line":165,"column":12},"end":{"line":165,"column":null}},{"start":{"line":166,"column":12},"end":{"line":166,"column":null}}],"line":164},"27":{"loc":{"start":{"line":183,"column":20},"end":{"line":183,"column":null}},"type":"binary-expr","locations":[{"start":{"line":183,"column":20},"end":{"line":183,"column":32}},{"start":{"line":183,"column":32},"end":{"line":183,"column":null}}],"line":183},"28":{"loc":{"start":{"line":206,"column":22},"end":{"line":206,"column":null}},"type":"binary-expr","locations":[{"start":{"line":206,"column":22},"end":{"line":206,"column":34}},{"start":{"line":206,"column":34},"end":{"line":206,"column":null}}],"line":206},"29":{"loc":{"start":{"line":223,"column":20},"end":{"line":223,"column":null}},"type":"cond-expr","locations":[{"start":{"line":223,"column":40},"end":{"line":223,"column":56}},{"start":{"line":223,"column":56},"end":{"line":223,"column":null}}],"line":223},"30":{"loc":{"start":{"line":226,"column":37},"end":{"line":226,"column":null}},"type":"cond-expr","locations":[{"start":{"line":226,"column":57},"end":{"line":226,"column":79}},{"start":{"line":226,"column":79},"end":{"line":226,"column":null}}],"line":226},"31":{"loc":{"start":{"line":239,"column":22},"end":{"line":239,"column":null}},"type":"binary-expr","locations":[{"start":{"line":239,"column":22},"end":{"line":239,"column":34}},{"start":{"line":239,"column":34},"end":{"line":239,"column":null}}],"line":239},"32":{"loc":{"start":{"line":260,"column":16},"end":{"line":260,"column":null}},"type":"cond-expr","locations":[{"start":{"line":260,"column":36},"end":{"line":260,"column":52}},{"start":{"line":260,"column":52},"end":{"line":260,"column":null}}],"line":260},"33":{"loc":{"start":{"line":263,"column":33},"end":{"line":263,"column":null}},"type":"cond-expr","locations":[{"start":{"line":263,"column":53},"end":{"line":263,"column":75}},{"start":{"line":263,"column":75},"end":{"line":263,"column":null}}],"line":263}},"s":{"0":2,"1":2,"2":2,"3":67,"4":67,"5":36,"6":0,"7":36,"8":67,"9":67,"10":67,"11":67,"12":67,"13":67,"14":67,"15":67,"16":67,"17":67,"18":67,"19":67,"20":67,"21":48,"22":44,"23":4,"24":4,"25":0,"26":0,"27":4,"28":4,"29":4,"30":4,"31":67,"32":48,"33":44,"34":4,"35":4,"36":4,"37":4,"38":4,"39":67,"40":37,"41":37,"42":37,"43":8,"44":5,"45":8,"46":8,"47":67,"48":1,"49":66,"50":66,"51":4,"52":0,"53":4,"54":4,"55":0,"56":4,"57":4,"58":4,"59":66,"60":1,"61":66,"62":3,"63":66,"64":4,"65":4,"66":0,"67":4,"68":1,"69":1,"70":3,"71":2,"72":2,"73":1,"74":1,"75":1,"76":1,"77":66,"78":0,"79":0,"80":0,"81":0,"82":0,"83":66,"84":0,"85":0,"86":0,"87":0,"88":0,"89":0,"90":0,"91":0,"92":0,"93":0,"94":0,"95":0,"96":0,"97":0,"98":0,"99":0,"100":66,"101":66,"102":67,"103":148,"104":0,"105":148,"106":0},"f":{"0":67,"1":36,"2":48,"3":4,"4":4,"5":48,"6":4,"7":4,"8":37,"9":5,"10":8,"11":4,"12":1,"13":3,"14":4,"15":1,"16":0,"17":0,"18":148,"19":0,"20":148,"21":0},"b":{"0":[67],"1":[0,36],"2":[1,66],"3":[44,4],"4":[0,4],"5":[44,4],"6":[37,8],"7":[8,29],"8":[1,66],"9":[0,4],"10":[0,4],"11":[3,1],"12":[0,4],"13":[1,3],"14":[2,1],"15":[1,0],"16":[0,0],"17":[0,0],"18":[0,0],"19":[0,0],"20":[0,0],"21":[0,0],"22":[0,0],"23":[4,62],"24":[3,1],"25":[4,58],"26":[3,1],"27":[67,7],"28":[67,7],"29":[66,82],"30":[66,82],"31":[67,35],"32":[66,82],"33":[66,82]},"meta":{"lastBranch":34,"lastFunction":22,"lastStatement":107,"seen":{"s:13:25:13:Infinity":0,"s:14:26:14:Infinity":1,"s:15:27:15:Infinity":2,"f:17:16:17:29":0,"b:17:54:17:60":0,"s:18:24:18:Infinity":3,"s:19:38:22:Infinity":4,"f:19:51:19:57":1,"b:20:4:20:Infinity:undefined:undefined:undefined:undefined":1,"s:20:4:20:Infinity":5,"s:20:39:20:Infinity":6,"s:21:4:21:Infinity":7,"s:23:8:23:Infinity":8,"s:24:8:24:Infinity":9,"s:25:8:25:Infinity":10,"s:26:38:26:Infinity":11,"s:27:42:27:Infinity":12,"s:28:42:28:Infinity":13,"s:29:20:29:Infinity":14,"s:30:22:30:Infinity":15,"b:30:40:30:44:30:44:30:Infinity":2,"s:31:18:31:Infinity":16,"s:32:18:32:Infinity":17,"s:33:22:33:Infinity":18,"s:34:27:34:Infinity":19,"s:36:2:50:Infinity":20,"f:36:12:36:18":2,"b:37:4:37:Infinity:undefined:undefined:undefined:undefined":3,"s:37:4:37:Infinity":21,"s:37:34:37:Infinity":22,"s:39:18:47:Infinity":23,"f:39:36:39:42":3,"b:40:6:43:Infinity:undefined:undefined:undefined:undefined":4,"s:40:6:43:Infinity":24,"s:41:8:41:Infinity":25,"s:42:8:42:Infinity":26,"s:45:6:45:Infinity":27,"s:46:6:46:Infinity":28,"s:49:4:49:Infinity":29,"f:49:11:49:17":4,"s:49:17:49:Infinity":30,"s:52:2:61:Infinity":31,"f:52:12:52:18":5,"b:53:4:53:Infinity:undefined:undefined:undefined:undefined":5,"s:53:4:53:Infinity":32,"s:53:33:53:Infinity":33,"s:55:18:58:Infinity":34,"f:55:36:55:42":6,"s:56:6:56:Infinity":35,"s:57:6:57:Infinity":36,"s:60:4:60:Infinity":37,"f:60:11:60:17":7,"s:60:17:60:Infinity":38,"s:64:2:73:Infinity":39,"f:64:12:64:18":8,"s:65:23:65:Infinity":40,"b:65:23:65:40:65:40:65:Infinity":6,"s:66:4:66:Infinity":41,"b:67:4:72:Infinity:undefined:undefined:undefined:undefined":7,"s:67:4:72:Infinity":42,"s:68:17:70:Infinity":43,"f:68:39:68:45":9,"s:69:8:69:Infinity":44,"s:71:6:71:Infinity":45,"f:71:13:71:19":10,"s:71:19:71:Infinity":46,"b:75:2:81:Infinity:undefined:undefined:undefined:undefined":8,"s:75:2:81:Infinity":47,"s:76:4:79:Infinity":48,"s:83:18:83:Infinity":49,"s:85:21:94:Infinity":50,"f:85:21:85:22":11,"b:86:4:86:Infinity:undefined:undefined:undefined:undefined":9,"s:86:4:86:Infinity":51,"s:86:21:86:Infinity":52,"s:88:20:88:Infinity":53,"b:89:4:89:Infinity:undefined:undefined:undefined:undefined":10,"s:89:4:89:Infinity":54,"s:89:33:89:Infinity":55,"s:91:4:91:Infinity":56,"b:91:46:91:50:91:50:91:52":11,"s:92:4:92:Infinity":57,"s:93:4:93:Infinity":58,"s:96:17:98:Infinity":59,"f:96:17:96:23":12,"s:97:4:97:Infinity":60,"s:100:17:102:Infinity":61,"f:100:17:100:23":13,"s:101:4:101:Infinity":62,"s:104:24:118:Infinity":63,"f:104:24:104:25":14,"s:105:19:105:Infinity":64,"b:106:4:106:Infinity:undefined:undefined:undefined:undefined":12,"s:106:4:106:Infinity":65,"s:106:58:106:Infinity":66,"b:108:4:117:Infinity:111:4:117:Infinity":13,"s:108:4:117:Infinity":67,"s:109:6:109:Infinity":68,"s:110:6:110:Infinity":69,"b:111:4:117:Infinity:114:4:117:Infinity":14,"s:111:4:117:Infinity":70,"s:112:6:112:Infinity":71,"s:113:6:113:Infinity":72,"b:114:4:117:Infinity:undefined:undefined:undefined:undefined":15,"s:114:4:117:Infinity":73,"s:115:6:115:Infinity":74,"s:116:6:116:Infinity":75,"f:116:22:116:23":15,"s:116:32:116:37":76,"s:120:27:128:Infinity":77,"f:120:27:120:28":16,"b:121:4:124:Infinity:undefined:undefined:undefined:undefined":16,"s:121:4:124:Infinity":78,"s:122:6:122:Infinity":79,"s:123:6:123:Infinity":80,"s:126:18:126:Infinity":81,"s:127:4:127:Infinity":82,"s:130:25:150:Infinity":83,"f:130:25:130:26":17,"b:131:4:131:Infinity:undefined:undefined:undefined:undefined":17,"s:131:4:131:Infinity":84,"s:131:21:131:Infinity":85,"s:133:18:133:Infinity":86,"s:134:4:134:Infinity":87,"b:135:4:135:Infinity:undefined:undefined:undefined:undefined":18,"s:135:4:135:Infinity":88,"b:135:8:135:18:135:18:135:53":19,"s:135:53:135:Infinity":89,"s:137:18:137:Infinity":90,"s:138:19:138:Infinity":91,"s:139:19:139:Infinity":92,"s:140:17:140:Infinity":93,"s:141:17:141:Infinity":94,"b:143:4:143:Infinity:undefined:undefined:undefined:undefined":20,"s:143:4:143:Infinity":95,"b:143:8:143:35:143:35:143:49":21,"s:143:49:143:Infinity":96,"b:145:4:149:Infinity:147:11:149:Infinity":22,"s:145:4:149:Infinity":97,"s:146:6:146:Infinity":98,"s:148:6:148:Infinity":99,"s:152:46:156:Infinity":100,"s:159:4:167:Infinity":101,"b:160:8:162:Infinity:163:8:167:Infinity":23,"b:161:10:161:Infinity:162:10:162:Infinity":24,"b:164:10:166:Infinity:167:10:167:Infinity":25,"b:165:12:165:Infinity:166:12:166:Infinity":26,"s:169:2:273:Infinity":102,"b:183:20:183:32:183:32:183:Infinity":27,"b:206:22:206:34:206:34:206:Infinity":28,"f:215:25:215:26":18,"s:216:16:229:Infinity":103,"f:219:27:219:33":19,"s:219:33:219:Infinity":104,"b:223:40:223:56:223:56:223:Infinity":29,"b:226:57:226:79:226:79:226:Infinity":30,"b:239:22:239:34:239:34:239:Infinity":31,"f:252:21:252:22":20,"s:253:12:266:Infinity":105,"f:256:23:256:29":21,"s:256:29:256:Infinity":106,"b:260:36:260:52:260:52:260:Infinity":32,"b:263:53:263:75:263:75:263:Infinity":33}}}
}
